2020-09-11 02:31:24 +0000  Initial pipeline context: <IDEDistributionProcessingPipelineContext: 0x7f9f34d2ced0; archive(resolved)='<IDEArchive: 0x7f9f6fb71dc0>', distributionTask(resolved)='2', distributionDestination(resolved)='1', distributionMethod(resolved)='<IDEDistributionMethodAdHoc: 0x7f9f3421edd0>', team(resolved)='<IDEProvisioningDisambiguatableBasicTeam: 0x7f9f35b16ae0; teamID='ZXMK2V87C9', teamName='Yiyi (Xiamen) Electronics Business Services Co., Ltd.', teamType='Company', username='yyxiamen@163.com', isFreeProvisioningTeam='0'>'>
	Chain (13, self inclusive):
	<IDEDistributionProcessingPipelineContext: 0x7f9f34d2ced0; archive = '<IDEArchive: 0x7f9f6fb71dc0>', distributionMethod='<IDEDistributionMethodAdHoc: 0x7f9f3421edd0>', team='<IDEProvisioningDisambiguatableBasicTeam: 0x7f9f35b16ae0; teamID='ZXMK2V87C9', teamName='Yiyi (Xiamen) Electronics Business Services Co., Ltd.', teamType='Company', username='yyxiamen@163.com', isFreeProvisioningTeam='0'>'>
	<IDEDistributionProcessingPipelineContext: 0x7f9f34d91840; archive = '<IDEArchive: 0x7f9f6fb71dc0>', distributionMethod='<IDEDistributionMethodAdHoc: 0x7f9f3421edd0>', team='<IDEProvisioningDisambiguatableBasicTeam: 0x7f9f35b16ae0; teamID='ZXMK2V87C9', teamName='Yiyi (Xiamen) Electronics Business Services Co., Ltd.', teamType='Company', username='yyxiamen@163.com', isFreeProvisioningTeam='0'>'>
	<IDEDistributionContext: 0x7f9f39229280; archive = '<IDEArchive: 0x7f9f6fb71dc0>', distributionMethod='<IDEDistributionMethodAdHoc: 0x7f9f3421edd0>', team='<IDEProvisioningDisambiguatableBasicTeam: 0x7f9f35b16ae0; teamID='ZXMK2V87C9', teamName='Yiyi (Xiamen) Electronics Business Services Co., Ltd.', teamType='Company', username='yyxiamen@163.com', isFreeProvisioningTeam='0'>'>
	<IDEDistributionContext: 0x7f9f391322e0; archive = '<IDEArchive: 0x7f9f6fb71dc0>', distributionMethod='<IDEDistributionMethodAdHoc: 0x7f9f3421edd0>', team='<IDEProvisioningDisambiguatableBasicTeam: 0x7f9f35b16ae0; teamID='ZXMK2V87C9', teamName='Yiyi (Xiamen) Electronics Business Services Co., Ltd.', teamType='Company', username='yyxiamen@163.com', isFreeProvisioningTeam='0'>'>
	<IDEDistributionContext: 0x7f9f31841340; archive = '<IDEArchive: 0x7f9f6fb71dc0>', distributionMethod='<IDEDistributionMethodAdHoc: 0x7f9f3421edd0>', team='<IDEProvisioningDisambiguatableBasicTeam: 0x7f9f35b16ae0; teamID='ZXMK2V87C9', teamName='Yiyi (Xiamen) Electronics Business Services Co., Ltd.', teamType='Company', username='yyxiamen@163.com', isFreeProvisioningTeam='0'>'>
	<IDEDistributionContext: 0x7f9f318820c0; archive = '<IDEArchive: 0x7f9f6fb71dc0>', distributionMethod='<IDEDistributionMethodAdHoc: 0x7f9f3421edd0>', team='<IDEProvisioningDisambiguatableBasicTeam: 0x7f9f35b16ae0; teamID='ZXMK2V87C9', teamName='Yiyi (Xiamen) Electronics Business Services Co., Ltd.', teamType='Company', username='yyxiamen@163.com', isFreeProvisioningTeam='0'>'>
	<IDEDistributionContext: 0x7f9f3912f820; archive = '<IDEArchive: 0x7f9f6fb71dc0>', distributionMethod='<IDEDistributionMethodAdHoc: 0x7f9f3421edd0>', team='<IDEProvisioningDisambiguatableBasicTeam: 0x7f9f35b16ae0; teamID='ZXMK2V87C9', teamName='Yiyi (Xiamen) Electronics Business Services Co., Ltd.', teamType='Company', username='yyxiamen@163.com', isFreeProvisioningTeam='0'>'>
	<IDEDistributionContext: 0x7f9f391082d0; archive = '<IDEArchive: 0x7f9f6fb71dc0>', distributionMethod='<IDEDistributionMethodAdHoc: 0x7f9f3421edd0>', team='<IDEProvisioningDisambiguatableBasicTeam: 0x7f9f35b16ae0; teamID='ZXMK2V87C9', teamName='Yiyi (Xiamen) Electronics Business Services Co., Ltd.', teamType='Company', username='yyxiamen@163.com', isFreeProvisioningTeam='0'>'>
	<IDEDistributionContext: 0x7f9f382d1440; archive = '<IDEArchive: 0x7f9f6fb71dc0>', distributionMethod='<IDEDistributionMethodAdHoc: 0x7f9f3421edd0>', team='<IDEProvisioningDisambiguatableBasicTeam: 0x7f9f35b16ae0; teamID='ZXMK2V87C9', teamName='Yiyi (Xiamen) Electronics Business Services Co., Ltd.', teamType='Company', username='yyxiamen@163.com', isFreeProvisioningTeam='0'>'>
	<IDEDistributionContext: 0x7f9f3902e240; archive = '<IDEArchive: 0x7f9f6fb71dc0>', distributionMethod='<IDEDistributionMethodAdHoc: 0x7f9f3421edd0>', team='(null)'>
	<IDEDistributionContext: 0x7f9f3776e5f0; archive = '<IDEArchive: 0x7f9f6fb71dc0>', distributionMethod='<IDEDistributionMethodAdHoc: 0x7f9f3421edd0>', team='(null)'>
	<IDEDistributionContext: 0x7f9f392af480; archive = '<IDEArchive: 0x7f9f6fb71dc0>', distributionMethod='<IDEDistributionMethodAdHoc: 0x7f9f3421edd0>', team='(null)'>
	<IDEDistributionContext: 0x7f9f31c84e50; archive = '<IDEArchive: 0x7f9f6fb71dc0>', distributionMethod='(null)', team='(null)'>
</IDEDistributionProcessingPipelineContext: 0x7f9f34d2ced0>
2020-09-11 02:31:24 +0000  Processing step: IDEDistributionCreateDestRootStep
2020-09-11 02:31:24 +0000  Processing step: IDEDistributionCopyItemStep
2020-09-11 02:31:24 +0000  Running /usr/bin/ditto '-V' '/Users/apple/Library/Developer/Xcode/Archives/2020-09-11/HBuilder 2020-9-11, 10.29 AM.xcarchive/Products/Applications/移移商家.app' '/var/folders/yb/sms58fh10_vbns_3n0ly29nr0000gn/T/XcodeDistPipeline.~~~6X7voN/Root/Payload/移移商家.app'
2020-09-11 02:31:24 +0000  >>> Copying /Users/apple/Library/Developer/Xcode/Archives/2020-09-11/HBuilder 2020-9-11, 10.29 AM.xcarchive/Products/Applications/移移商家.app 
2020-09-11 02:31:24 +0000  copying file ./_CodeSignature/CodeResources ... 
2020-09-11 02:31:24 +0000  74177 bytes for ./_CodeSignature/CodeResources
2020-09-11 02:31:24 +0000  copying file ./__uniappes6.js ... 
2020-09-11 02:31:24 +0000  52681 bytes for ./__uniappes6.js
copying file ./zh-Hans.lproj/Localizable.strings ... 
2020-09-11 02:31:24 +0000  281 bytes for ./zh-Hans.lproj/Localizable.strings
copying file ./zh-Hans.lproj/InfoPlist.strings ... 
2020-09-11 02:31:24 +0000  42 bytes for ./zh-Hans.lproj/InfoPlist.strings
2020-09-11 02:31:24 +0000  copying file ./AppIcon20x20@2x.png ... 
10204 bytes for ./AppIcon20x20@2x.png
2020-09-11 02:31:24 +0000  copying file ./en.lproj/Localizable.strings ... 
2020-09-11 02:31:24 +0000  385 bytes for ./en.lproj/Localizable.strings
copying file ./en.lproj/InfoPlist.strings ... 
2020-09-11 02:31:24 +0000  83 bytes for ./en.lproj/InfoPlist.strings
2020-09-11 02:31:24 +0000  copying file ./uni-jsframework.js ... 
2020-09-11 02:31:24 +0000  436405 bytes for ./uni-jsframework.js
copying file ./AppIcon20x20@3x.png ... 
2020-09-11 02:31:24 +0000  17784 bytes for ./AppIcon20x20@3x.png
2020-09-11 02:31:24 +0000  copying file ./File ... 
0 bytes for ./File
copying file ./AppIcon60x60@2x.png ... 
2020-09-11 02:31:24 +0000  40630 bytes for ./AppIcon60x60@2x.png
2020-09-11 02:31:24 +0000  copying file ./control.xml ... 
2020-09-11 02:31:24 +0000  201 bytes for ./control.xml
copying file ./AppIcon29x29@2x.png ... 
2020-09-11 02:31:24 +0000  16798 bytes for ./AppIcon29x29@2x.png
2020-09-11 02:31:24 +0000  copying file ./AppIcon40x40@3x.png ... 
2020-09-11 02:31:24 +0000  40630 bytes for ./AppIcon40x40@3x.png
2020-09-11 02:31:24 +0000  copying file ./TZImagePickerController.bundle/takePicture@2x.png ... 
2020-09-11 02:31:24 +0000  3054 bytes for ./TZImagePickerController.bundle/takePicture@2x.png
2020-09-11 02:31:24 +0000  copying file ./TZImagePickerController.bundle/zh-Hans.lproj/Localizable.strings ... 
2020-09-11 02:31:24 +0000  1902 bytes for ./TZImagePickerController.bundle/zh-Hans.lproj/Localizable.strings
2020-09-11 02:31:24 +0000  copying file ./TZImagePickerController.bundle/photo_sel_photoPickerVc@2x.png ... 
2020-09-11 02:31:24 +0000  1006 bytes for ./TZImagePickerController.bundle/photo_sel_photoPickerVc@2x.png
2020-09-11 02:31:24 +0000  copying file ./TZImagePickerController.bundle/en.lproj/Localizable.strings ... 
2020-09-11 02:31:24 +0000  2594 bytes for ./TZImagePickerController.bundle/en.lproj/Localizable.strings
2020-09-11 02:31:24 +0000  copying file ./TZImagePickerController.bundle/MMVideoPreviewPlayHL@2x.png ... 
2020-09-11 02:31:24 +0000  3645 bytes for ./TZImagePickerController.bundle/MMVideoPreviewPlayHL@2x.png
2020-09-11 02:31:24 +0000  copying file ./TZImagePickerController.bundle/photo_sel_previewVc@2x.png ... 
2020-09-11 02:31:24 +0000  1183 bytes for ./TZImagePickerController.bundle/photo_sel_previewVc@2x.png
copying file ./TZImagePickerController.bundle/MMVideoPreviewPlay@2x.png ... 
2020-09-11 02:31:24 +0000  3645 bytes for ./TZImagePickerController.bundle/MMVideoPreviewPlay@2x.png
2020-09-11 02:31:24 +0000  copying file ./TZImagePickerController.bundle/preview_original_def@2x.png ... 
2020-09-11 02:31:24 +0000  392 bytes for ./TZImagePickerController.bundle/preview_original_def@2x.png
2020-09-11 02:31:24 +0000  copying file ./TZImagePickerController.bundle/photo_def_previewVc@2x.png ... 
2020-09-11 02:31:24 +0000  1155 bytes for ./TZImagePickerController.bundle/photo_def_previewVc@2x.png
copying file ./TZImagePickerController.bundle/photo_original_sel@2x.png ... 
2020-09-11 02:31:24 +0000  620 bytes for ./TZImagePickerController.bundle/photo_original_sel@2x.png
2020-09-11 02:31:24 +0000  copying file ./TZImagePickerController.bundle/zh-Hant.lproj/Localizable.strings ... 
2020-09-11 02:31:24 +0000  1902 bytes for ./TZImagePickerController.bundle/zh-Hant.lproj/Localizable.strings
2020-09-11 02:31:24 +0000  copying file ./TZImagePickerController.bundle/takePicture80@2x.png ... 
2020-09-11 02:31:24 +0000  1285 bytes for ./TZImagePickerController.bundle/takePicture80@2x.png
2020-09-11 02:31:24 +0000  copying file ./TZImagePickerController.bundle/photo_def_photoPickerVc@2x.png ... 
2020-09-11 02:31:24 +0000  1155 bytes for ./TZImagePickerController.bundle/photo_def_photoPickerVc@2x.png
2020-09-11 02:31:24 +0000  copying file ./TZImagePickerController.bundle/preview_number_icon@2x.png ... 
2020-09-11 02:31:24 +0000  501 bytes for ./TZImagePickerController.bundle/preview_number_icon@2x.png
2020-09-11 02:31:24 +0000  copying file ./TZImagePickerController.bundle/vi.lproj/Localizable.strings ... 
2020-09-11 02:31:24 +0000  1614 bytes for ./TZImagePickerController.bundle/vi.lproj/Localizable.strings
2020-09-11 02:31:24 +0000  copying file ./TZImagePickerController.bundle/navi_back@2x.png ... 
2020-09-11 02:31:24 +0000  116 bytes for ./TZImagePickerController.bundle/navi_back@2x.png
2020-09-11 02:31:24 +0000  copying file ./TZImagePickerController.bundle/photo_original_def@2x.png ... 
2020-09-11 02:31:24 +0000  1602 bytes for ./TZImagePickerController.bundle/photo_original_def@2x.png
copying file ./TZImagePickerController.bundle/Root.plist ... 
2020-09-11 02:31:24 +0000  1456 bytes for ./TZImagePickerController.bundle/Root.plist
2020-09-11 02:31:24 +0000  copying file ./TZImagePickerController.bundle/photo_number_icon@2x.png ... 
2020-09-11 02:31:24 +0000  501 bytes for ./TZImagePickerController.bundle/photo_number_icon@2x.png
copying file ./TZImagePickerController.bundle/VideoSendIcon@2x.png ... 
2020-09-11 02:31:24 +0000  223 bytes for ./TZImagePickerController.bundle/VideoSendIcon@2x.png
2020-09-11 02:31:24 +0000  copying file ./LaunchScreenAD.storyboardc/01J-lp-oVM-view-Ze5-6b-2t3.nib ... 
2020-09-11 02:31:24 +0000  4265 bytes for ./LaunchScreenAD.storyboardc/01J-lp-oVM-view-Ze5-6b-2t3.nib
2020-09-11 02:31:24 +0000  copying file ./LaunchScreenAD.storyboardc/UIViewController-01J-lp-oVM.nib ... 
2020-09-11 02:31:24 +0000  896 bytes for ./LaunchScreenAD.storyboardc/UIViewController-01J-lp-oVM.nib
copying file ./LaunchScreenAD.storyboardc/Info.plist ... 
2020-09-11 02:31:24 +0000  258 bytes for ./LaunchScreenAD.storyboardc/Info.plist
2020-09-11 02:31:24 +0000  copying file ./AppIcon40x40@2x.png ... 
2020-09-11 02:31:24 +0000  24781 bytes for ./AppIcon40x40@2x.png
2020-09-11 02:31:24 +0000  copying file ./PandoraApi.bundle/close2_barbutton@3x.png ... 
2020-09-11 02:31:24 +0000  4740 bytes for ./PandoraApi.bundle/close2_barbutton@3x.png
2020-09-11 02:31:24 +0000  copying file ./PandoraApi.bundle/close_barbutton.png ... 
2020-09-11 02:31:24 +0000  3994 bytes for ./PandoraApi.bundle/close_barbutton.png
2020-09-11 02:31:24 +0000  copying file ./PandoraApi.bundle/close_barbutton@3x.png ... 
2020-09-11 02:31:24 +0000  4233 bytes for ./PandoraApi.bundle/close_barbutton@3x.png
copying file ./PandoraApi.bundle/favorite_broswer@3x.png ... 
2020-09-11 02:31:24 +0000  7031 bytes for ./PandoraApi.bundle/favorite_broswer@3x.png
2020-09-11 02:31:24 +0000  copying file ./PandoraApi.bundle/back_barbutton@3x.png ... 
2020-09-11 02:31:24 +0000  199 bytes for ./PandoraApi.bundle/back_barbutton@3x.png
copying file ./PandoraApi.bundle/selected_barbutton@2x.png ... 
2020-09-11 02:31:24 +0000  4210 bytes for ./PandoraApi.bundle/selected_barbutton@2x.png
2020-09-11 02:31:24 +0000  copying file ./PandoraApi.bundle/beep-beep.caf ... 
2020-09-11 02:31:24 +0000  4720 bytes for ./PandoraApi.bundle/beep-beep.caf
2020-09-11 02:31:24 +0000  copying file ./PandoraApi.bundle/back@2x.png ... 
2020-09-11 02:31:24 +0000  1293 bytes for ./PandoraApi.bundle/back@2x.png
2020-09-11 02:31:24 +0000  copying file ./PandoraApi.bundle/selected_barbutton.png ... 
2020-09-11 02:31:24 +0000  4210 bytes for ./PandoraApi.bundle/selected_barbutton.png
2020-09-11 02:31:24 +0000  copying file ./PandoraApi.bundle/all.js ... 
2020-09-11 02:31:24 +0000  173875 bytes for ./PandoraApi.bundle/all.js
2020-09-11 02:31:24 +0000  copying file ./PandoraApi.bundle/selected_barbutton@3x.png ... 
2020-09-11 02:31:24 +0000  4629 bytes for ./PandoraApi.bundle/selected_barbutton@3x.png
copying file ./PandoraApi.bundle/back_barbutton@2x.png ... 
2020-09-11 02:31:24 +0000  129 bytes for ./PandoraApi.bundle/back_barbutton@2x.png
copying file ./PandoraApi.bundle/favorite_broswer@2x.png ... 
2020-09-11 02:31:24 +0000  5732 bytes for ./PandoraApi.bundle/favorite_broswer@2x.png
2020-09-11 02:31:24 +0000  copying file ./PandoraApi.bundle/renovate_barbutton.png ... 
2020-09-11 02:31:24 +0000  4251 bytes for ./PandoraApi.bundle/renovate_barbutton.png
2020-09-11 02:31:24 +0000  copying file ./PandoraApi.bundle/close_barbutton@2x.png ... 
2020-09-11 02:31:24 +0000  3994 bytes for ./PandoraApi.bundle/close_barbutton@2x.png
2020-09-11 02:31:24 +0000  copying file ./PandoraApi.bundle/close2_barbutton@2x.png ... 
2020-09-11 02:31:24 +0000  4330 bytes for ./PandoraApi.bundle/close2_barbutton@2x.png
copying file ./PandoraApi.bundle/share_barbutton@3x.png ... 
2020-09-11 02:31:24 +0000  4832 bytes for ./PandoraApi.bundle/share_barbutton@3x.png
2020-09-11 02:31:24 +0000  copying file ./PandoraApi.bundle/navLine@2x.png ... 
2020-09-11 02:31:24 +0000  132 bytes for ./PandoraApi.bundle/navLine@2x.png
copying file ./PandoraApi.bundle/pulltorefresh.js ... 
2020-09-11 02:31:24 +0000  18128 bytes for ./PandoraApi.bundle/pulltorefresh.js
2020-09-11 02:31:24 +0000  copying file ./PandoraApi.bundle/search_barbutton@2x.png ... 
2020-09-11 02:31:24 +0000  4837 bytes for ./PandoraApi.bundle/search_barbutton@2x.png
2020-09-11 02:31:24 +0000  copying file ./PandoraApi.bundle/cpcwatchdog.json ... 
2020-09-11 02:31:24 +0000  232 bytes for ./PandoraApi.bundle/cpcwatchdog.json
2020-09-11 02:31:24 +0000  copying file ./PandoraApi.bundle/plugin/back_disable.png ... 
2020-09-11 02:31:24 +0000  41846 bytes for ./PandoraApi.bundle/plugin/back_disable.png
2020-09-11 02:31:24 +0000  copying file ./PandoraApi.bundle/plugin/stop.png ... 
2020-09-11 02:31:24 +0000  629 bytes for ./PandoraApi.bundle/plugin/stop.png
2020-09-11 02:31:24 +0000  copying file ./PandoraApi.bundle/plugin/forward_disable.png ... 
2020-09-11 02:31:24 +0000  42455 bytes for ./PandoraApi.bundle/plugin/forward_disable.png
2020-09-11 02:31:24 +0000  copying file ./PandoraApi.bundle/plugin/gallery/video.png ... 
2020-09-11 02:31:24 +0000  4333 bytes for ./PandoraApi.bundle/plugin/gallery/video.png
2020-09-11 02:31:24 +0000  copying file ./PandoraApi.bundle/plugin/cancel.png ... 
2020-09-11 02:31:24 +0000  808 bytes for ./PandoraApi.bundle/plugin/cancel.png
2020-09-11 02:31:24 +0000  copying file ./PandoraApi.bundle/plugin/forward_press.png ... 
2020-09-11 02:31:24 +0000  43853 bytes for ./PandoraApi.bundle/plugin/forward_press.png
2020-09-11 02:31:24 +0000  copying file ./PandoraApi.bundle/plugin/forward.png ... 
2020-09-11 02:31:24 +0000  42287 bytes for ./PandoraApi.bundle/plugin/forward.png
2020-09-11 02:31:24 +0000  copying file ./PandoraApi.bundle/plugin/back.png ... 
2020-09-11 02:31:24 +0000  42433 bytes for ./PandoraApi.bundle/plugin/back.png
2020-09-11 02:31:24 +0000  copying file ./PandoraApi.bundle/plugin/refresh.png ... 
800 bytes for ./PandoraApi.bundle/plugin/refresh.png
copying file ./PandoraApi.bundle/plugin/back_press.png ... 
2020-09-11 02:31:24 +0000  43679 bytes for ./PandoraApi.bundle/plugin/back_press.png
2020-09-11 02:31:24 +0000  copying file ./PandoraApi.bundle/bu_close@3x.png ... 
2020-09-11 02:31:24 +0000  640 bytes for ./PandoraApi.bundle/bu_close@3x.png
2020-09-11 02:31:24 +0000  copying file ./PandoraApi.bundle/sitemap/H5A0B1958.json ... 
2020-09-11 02:31:24 +0000  280 bytes for ./PandoraApi.bundle/sitemap/H5A0B1958.json
2020-09-11 02:31:24 +0000  copying file ./PandoraApi.bundle/sitemap/__W2A__H56B3FED7.json ... 
2020-09-11 02:31:24 +0000  21966 bytes for ./PandoraApi.bundle/sitemap/__W2A__H56B3FED7.json
copying file ./PandoraApi.bundle/sitemap/__W2A__H5AE54D45.json ... 
2020-09-11 02:31:24 +0000  298 bytes for ./PandoraApi.bundle/sitemap/__W2A__H5AE54D45.json
2020-09-11 02:31:24 +0000  copying file ./PandoraApi.bundle/sitemap/__W2A__m.lashou.com.json ... 
2020-09-11 02:31:24 +0000  5930 bytes for ./PandoraApi.bundle/sitemap/__W2A__m.lashou.com.json
2020-09-11 02:31:24 +0000  copying file ./PandoraApi.bundle/sitemap/__W2A__www.youku.com.json ... 
2020-09-11 02:31:24 +0000  7285 bytes for ./PandoraApi.bundle/sitemap/__W2A__www.youku.com.json
2020-09-11 02:31:24 +0000  copying file ./PandoraApi.bundle/sitemap/__W2A__H5F4563E8.json ... 
2020-09-11 02:31:24 +0000  17472 bytes for ./PandoraApi.bundle/sitemap/__W2A__H5F4563E8.json
copying file ./PandoraApi.bundle/sitemap/__W2A__www.tianya.cn.json ... 
2020-09-11 02:31:24 +0000  26377 bytes for ./PandoraApi.bundle/sitemap/__W2A__www.tianya.cn.json
2020-09-11 02:31:24 +0000  copying file ./PandoraApi.bundle/sitemap/__W2A__meituan.com.json ... 
2020-09-11 02:31:24 +0000  17743 bytes for ./PandoraApi.bundle/sitemap/__W2A__meituan.com.json
2020-09-11 02:31:24 +0000  copying file ./PandoraApi.bundle/sitemap/__W2A__m.mafengwo.cn.json ... 
2020-09-11 02:31:24 +0000  39284 bytes for ./PandoraApi.bundle/sitemap/__W2A__m.mafengwo.cn.json
2020-09-11 02:31:24 +0000  copying file ./PandoraApi.bundle/sitemap/__W2A__m.dangdang.com.json ... 
2020-09-11 02:31:24 +0000  10726 bytes for ./PandoraApi.bundle/sitemap/__W2A__m.dangdang.com.json
2020-09-11 02:31:24 +0000  copying file ./PandoraApi.bundle/sitemap/__W2A__m.v.6.cn.json ... 
2020-09-11 02:31:24 +0000  2007 bytes for ./PandoraApi.bundle/sitemap/__W2A__m.v.6.cn.json
2020-09-11 02:31:24 +0000  copying file ./PandoraApi.bundle/sitemap/__W2A__m.taobao.com.json ... 
2020-09-11 02:31:24 +0000  29719 bytes for ./PandoraApi.bundle/sitemap/__W2A__m.taobao.com.json
2020-09-11 02:31:24 +0000  copying file ./PandoraApi.bundle/sitemap/__W2A__m.sjjd.com.json ... 
2020-09-11 02:31:24 +0000  32067 bytes for ./PandoraApi.bundle/sitemap/__W2A__m.sjjd.com.json
2020-09-11 02:31:24 +0000  copying file ./PandoraApi.bundle/sitemap/__W2A__m.nuomi.com.json ... 
2020-09-11 02:31:24 +0000  21873 bytes for ./PandoraApi.bundle/sitemap/__W2A__m.nuomi.com.json
2020-09-11 02:31:24 +0000  copying file ./PandoraApi.bundle/sitemap/__W2A__m.dianping.com.json ... 
2020-09-11 02:31:24 +0000  27065 bytes for ./PandoraApi.bundle/sitemap/__W2A__m.dianping.com.json
2020-09-11 02:31:24 +0000  copying file ./PandoraApi.bundle/sitemap/__W2A__amazon.cn.json ... 
2020-09-11 02:31:24 +0000  11802 bytes for ./PandoraApi.bundle/sitemap/__W2A__amazon.cn.json
2020-09-11 02:31:24 +0000  copying file ./PandoraApi.bundle/sitemap/__W2A__m.daojia.com.json ... 
2020-09-11 02:31:24 +0000  10565 bytes for ./PandoraApi.bundle/sitemap/__W2A__m.daojia.com.json
2020-09-11 02:31:24 +0000  copying file ./PandoraApi.bundle/sitemap/__W2A__m.iqiyi.com.json ... 
2020-09-11 02:31:24 +0000  13202 bytes for ./PandoraApi.bundle/sitemap/__W2A__m.iqiyi.com.json
2020-09-11 02:31:24 +0000  copying file ./PandoraApi.bundle/sitemap/__W2A__m.elong.com.json ... 
2020-09-11 02:31:24 +0000  3603 bytes for ./PandoraApi.bundle/sitemap/__W2A__m.elong.com.json
2020-09-11 02:31:24 +0000  copying file ./PandoraApi.bundle/sitemap/H52588A9C.json ... 
2020-09-11 02:31:24 +0000  18949 bytes for ./PandoraApi.bundle/sitemap/H52588A9C.json
copying file ./PandoraApi.bundle/sitemap/__W2A__www.zhihu.com.json ... 
2020-09-11 02:31:24 +0000  14276 bytes for ./PandoraApi.bundle/sitemap/__W2A__www.zhihu.com.json
2020-09-11 02:31:24 +0000  copying file ./PandoraApi.bundle/sitemap/__W2A__m.ireader.com.json ... 
2020-09-11 02:31:24 +0000  3939 bytes for ./PandoraApi.bundle/sitemap/__W2A__m.ireader.com.json
2020-09-11 02:31:24 +0000  copying file ./PandoraApi.bundle/sitemap/__W2A__H5E349CB7.json ... 
2020-09-11 02:31:24 +0000  52629 bytes for ./PandoraApi.bundle/sitemap/__W2A__H5E349CB7.json
2020-09-11 02:31:24 +0000  copying file ./PandoraApi.bundle/sitemap/__W2A__edaijia.cn.json ... 
2020-09-11 02:31:24 +0000  757 bytes for ./PandoraApi.bundle/sitemap/__W2A__edaijia.cn.json
copying file ./PandoraApi.bundle/sitemap/__W2A__m.yhd.com.json ... 
2020-09-11 02:31:24 +0000  12442 bytes for ./PandoraApi.bundle/sitemap/__W2A__m.yhd.com.json
2020-09-11 02:31:24 +0000  copying file ./PandoraApi.bundle/sitemap/__W2A__m.tv.sohu.com.json ... 
2020-09-11 02:31:24 +0000  5345 bytes for ./PandoraApi.bundle/sitemap/__W2A__m.tv.sohu.com.json
copying file ./PandoraApi.bundle/back_barbutton.png ... 
2020-09-11 02:31:24 +0000  202 bytes for ./PandoraApi.bundle/back_barbutton.png
2020-09-11 02:31:24 +0000  copying file ./PandoraApi.bundle/dcloud3.dat ... 
2020-09-11 02:31:24 +0000  582 bytes for ./PandoraApi.bundle/dcloud3.dat
2020-09-11 02:31:24 +0000  copying file ./PandoraApi.bundle/iconfont.ttf ... 
2020-09-11 02:31:24 +0000  3112 bytes for ./PandoraApi.bundle/iconfont.ttf
2020-09-11 02:31:24 +0000  copying file ./PandoraApi.bundle/search_barbutton@3x.png ... 
2020-09-11 02:31:24 +0000  5987 bytes for ./PandoraApi.bundle/search_barbutton@3x.png
copying file ./PandoraApi.bundle/share_barbutton@2x.png ... 
2020-09-11 02:31:24 +0000  4374 bytes for ./PandoraApi.bundle/share_barbutton@2x.png
2020-09-11 02:31:24 +0000  copying file ./PandoraApi.bundle/image/loc2@2x.png ... 
2020-09-11 02:31:24 +0000  918 bytes for ./PandoraApi.bundle/image/loc2@2x.png
2020-09-11 02:31:24 +0000  copying file ./PandoraApi.bundle/image/loc2@3x.png ... 
2020-09-11 02:31:24 +0000  1127 bytes for ./PandoraApi.bundle/image/loc2@3x.png
2020-09-11 02:31:24 +0000  copying file ./PandoraApi.bundle/renovate_barbutton@3x.png ... 
2020-09-11 02:31:24 +0000  5041 bytes for ./PandoraApi.bundle/renovate_barbutton@3x.png
2020-09-11 02:31:24 +0000  copying file ./PandoraApi.bundle/line@2x.png ... 
2020-09-11 02:31:24 +0000  3604 bytes for ./PandoraApi.bundle/line@2x.png
copying file ./PandoraApi.bundle/more_barbutton@2x.png ... 
2020-09-11 02:31:24 +0000  161 bytes for ./PandoraApi.bundle/more_barbutton@2x.png
2020-09-11 02:31:24 +0000  copying file ./PandoraApi.bundle/feature.plist ... 
2020-09-11 02:31:24 +0000  7176 bytes for ./PandoraApi.bundle/feature.plist
copying file ./PandoraApi.bundle/close2_barbutton.png ... 
2020-09-11 02:31:24 +0000  4330 bytes for ./PandoraApi.bundle/close2_barbutton.png
2020-09-11 02:31:24 +0000  copying file ./PandoraApi.bundle/authapi.json ... 
2020-09-11 02:31:24 +0000  452 bytes for ./PandoraApi.bundle/authapi.json
2020-09-11 02:31:24 +0000  copying file ./PandoraApi.bundle/more_barbutton@3x.png ... 
2020-09-11 02:31:24 +0000  350 bytes for ./PandoraApi.bundle/more_barbutton@3x.png
2020-09-11 02:31:24 +0000  copying file ./PandoraApi.bundle/renovate_barbutton@2x.png ... 
2020-09-11 02:31:24 +0000  4517 bytes for ./PandoraApi.bundle/renovate_barbutton@2x.png
2020-09-11 02:31:24 +0000  copying file ./PandoraApi.bundle/line@3x.png ... 
2020-09-11 02:31:24 +0000  3607 bytes for ./PandoraApi.bundle/line@3x.png
copying file ./PandoraApi.bundle/history_barbutton@3x.png ... 
2020-09-11 02:31:24 +0000  5315 bytes for ./PandoraApi.bundle/history_barbutton@3x.png
2020-09-11 02:31:24 +0000  copying file ./PandoraApi.bundle/favorite_barbutton@3x.png ... 
2020-09-11 02:31:24 +0000  5235 bytes for ./PandoraApi.bundle/favorite_barbutton@3x.png
2020-09-11 02:31:24 +0000  copying file ./PandoraApi.bundle/share_barbutton.png ... 
2020-09-11 02:31:24 +0000  4374 bytes for ./PandoraApi.bundle/share_barbutton.png
2020-09-11 02:31:24 +0000  copying file ./PandoraApi.bundle/left-shadow-img@2x.png ... 
2020-09-11 02:31:24 +0000  958 bytes for ./PandoraApi.bundle/left-shadow-img@2x.png
2020-09-11 02:31:24 +0000  copying file ./PandoraApi.bundle/shortcut_barbutton@2x.png ... 
2020-09-11 02:31:24 +0000  4210 bytes for ./PandoraApi.bundle/shortcut_barbutton@2x.png
2020-09-11 02:31:24 +0000  copying file ./PandoraApi.bundle/listening_microphone@3x.png ... 
2020-09-11 02:31:24 +0000  2355 bytes for ./PandoraApi.bundle/listening_microphone@3x.png
2020-09-11 02:31:24 +0000  copying file ./PandoraApi.bundle/scan_barbutton@2x.png ... 
2020-09-11 02:31:24 +0000  4318 bytes for ./PandoraApi.bundle/scan_barbutton@2x.png
2020-09-11 02:31:24 +0000  copying file ./PandoraApi.bundle/more_barbutton.png ... 
2020-09-11 02:31:24 +0000  124 bytes for ./PandoraApi.bundle/more_barbutton.png
2020-09-11 02:31:24 +0000  copying file ./PandoraApi.bundle/listening_microphone@2x.png ... 
2020-09-11 02:31:24 +0000  1700 bytes for ./PandoraApi.bundle/listening_microphone@2x.png
2020-09-11 02:31:24 +0000  copying file ./PandoraApi.bundle/scan_barbutton@3x.png ... 
2020-09-11 02:31:24 +0000  4457 bytes for ./PandoraApi.bundle/scan_barbutton@3x.png
2020-09-11 02:31:24 +0000  copying file ./PandoraApi.bundle/error.html ... 
2020-09-11 02:31:24 +0000  2746 bytes for ./PandoraApi.bundle/error.html
2020-09-11 02:31:24 +0000  copying file ./PandoraApi.bundle/shortcut_barbutton.png ... 
2020-09-11 02:31:24 +0000  4210 bytes for ./PandoraApi.bundle/shortcut_barbutton.png
2020-09-11 02:31:24 +0000  copying file ./PandoraApi.bundle/shortcut_barbutton@3x.png ... 
2020-09-11 02:31:24 +0000  4530 bytes for ./PandoraApi.bundle/shortcut_barbutton@3x.png
2020-09-11 02:31:24 +0000  copying file ./PandoraApi.bundle/favorite_barbutton@2x.png ... 
2020-09-11 02:31:24 +0000  4598 bytes for ./PandoraApi.bundle/favorite_barbutton@2x.png
2020-09-11 02:31:24 +0000  copying file ./PandoraApi.bundle/history_barbutton@2x.png ... 
2020-09-11 02:31:24 +0000  4635 bytes for ./PandoraApi.bundle/history_barbutton@2x.png
2020-09-11 02:31:24 +0000  copying file ./AppIcon29x29@3x.png ... 
2020-09-11 02:31:24 +0000  26488 bytes for ./AppIcon29x29@3x.png
2020-09-11 02:31:24 +0000  copying file ./unincomponents.ttf ... 
2020-09-11 02:31:24 +0000  4360 bytes for ./unincomponents.ttf
2020-09-11 02:31:24 +0000  copying file ./AppIcon60x60@3x.png ... 
2020-09-11 02:31:24 +0000  72815 bytes for ./AppIcon60x60@3x.png
2020-09-11 02:31:24 +0000  copying file ./GuideViewController.nib ... 
2020-09-11 02:31:24 +0000  1766 bytes for ./GuideViewController.nib
2020-09-11 02:31:24 +0000  copying file ./移移商家 ... 
2020-09-11 02:31:24 +0000  34459824 bytes for ./移移商家
copying file ./Assets.car ... 
2020-09-11 02:31:24 +0000  2914207 bytes for ./Assets.car
copying file ./Pandora/apps/__UNI__80DC7F1/www/__uniappes6.js ... 
52681 bytes for ./Pandora/apps/__UNI__80DC7F1/www/__uniappes6.js
copying file ./Pandora/apps/__UNI__80DC7F1/www/__uniappopenlocation.js ... 
23368 bytes for ./Pandora/apps/__UNI__80DC7F1/www/__uniappopenlocation.js
copying file ./Pandora/apps/__UNI__80DC7F1/www/__uniappsuccess.png ... 
2021 bytes for ./Pandora/apps/__UNI__80DC7F1/www/__uniappsuccess.png
copying file ./Pandora/apps/__UNI__80DC7F1/www/app-service.js ... 
284082 bytes for ./Pandora/apps/__UNI__80DC7F1/www/app-service.js
copying file ./Pandora/apps/__UNI__80DC7F1/www/__uniapppicker.js ... 
2020-09-11 02:31:24 +0000  28209 bytes for ./Pandora/apps/__UNI__80DC7F1/www/__uniapppicker.js
copying file ./Pandora/apps/__UNI__80DC7F1/www/app-config.js ... 
1470 bytes for ./Pandora/apps/__UNI__80DC7F1/www/app-config.js
copying file ./Pandora/apps/__UNI__80DC7F1/www/__uniappview.html ... 
982 bytes for ./Pandora/apps/__UNI__80DC7F1/www/__uniappview.html
copying file ./Pandora/apps/__UNI__80DC7F1/www/__uniappchooselocation.js ... 
33628 bytes for ./Pandora/apps/__UNI__80DC7F1/www/__uniappchooselocation.js
copying file ./Pandora/apps/__UNI__80DC7F1/www/__uniappscan.js ... 
18393 bytes for ./Pandora/apps/__UNI__80DC7F1/www/__uniappscan.js
copying file ./Pandora/apps/__UNI__80DC7F1/www/static/load.svg ... 
2020-09-11 02:31:24 +0000  1311 bytes for ./Pandora/apps/__UNI__80DC7F1/www/static/load.svg
copying file ./Pandora/apps/__UNI__80DC7F1/www/static/iconfont.ttf ... 
2020-09-11 02:31:24 +0000  11260 bytes for ./Pandora/apps/__UNI__80DC7F1/www/static/iconfont.ttf
copying file ./Pandora/apps/__UNI__80DC7F1/www/static/pay_alipay@2x.png ... 
2020-09-11 02:31:24 +0000  1557 bytes for ./Pandora/apps/__UNI__80DC7F1/www/static/pay_alipay@2x.png
2020-09-11 02:31:24 +0000  copying file ./Pandora/apps/__UNI__80DC7F1/www/static/login-bg.png ... 
2020-09-11 02:31:24 +0000  26571 bytes for ./Pandora/apps/__UNI__80DC7F1/www/static/login-bg.png
2020-09-11 02:31:24 +0000  copying file ./Pandora/apps/__UNI__80DC7F1/www/static/logo.png ... 
2020-09-11 02:31:24 +0000  45416 bytes for ./Pandora/apps/__UNI__80DC7F1/www/static/logo.png
copying file ./Pandora/apps/__UNI__80DC7F1/www/static/default_order@1x.png ... 
2020-09-11 02:31:24 +0000  10724 bytes for ./Pandora/apps/__UNI__80DC7F1/www/static/default_order@1x.png
copying file ./Pandora/apps/__UNI__80DC7F1/www/static/home_loading@1x.png ... 
2020-09-11 02:31:24 +0000  22097 bytes for ./Pandora/apps/__UNI__80DC7F1/www/static/home_loading@1x.png
2020-09-11 02:31:24 +0000  copying file ./Pandora/apps/__UNI__80DC7F1/www/static/default_icon_loading.gif ... 
2020-09-11 02:31:24 +0000  244713 bytes for ./Pandora/apps/__UNI__80DC7F1/www/static/default_icon_loading.gif
copying file ./Pandora/apps/__UNI__80DC7F1/www/static/noImg.png ... 
2020-09-11 02:31:24 +0000  777 bytes for ./Pandora/apps/__UNI__80DC7F1/www/static/noImg.png
copying file ./Pandora/apps/__UNI__80DC7F1/www/static/pay_weixin@2x.png ... 
2020-09-11 02:31:24 +0000  1793 bytes for ./Pandora/apps/__UNI__80DC7F1/www/static/pay_weixin@2x.png
2020-09-11 02:31:24 +0000  copying file ./Pandora/apps/__UNI__80DC7F1/www/static/default_loading@1x.png ... 
2020-09-11 02:31:24 +0000  10027 bytes for ./Pandora/apps/__UNI__80DC7F1/www/static/default_loading@1x.png
copying file ./Pandora/apps/__UNI__80DC7F1/www/static/default_null@1x.png ... 
2020-09-11 02:31:24 +0000  10186 bytes for ./Pandora/apps/__UNI__80DC7F1/www/static/default_null@1x.png
2020-09-11 02:31:24 +0000  copying file ./Pandora/apps/__UNI__80DC7F1/www/static/pay_ccb@2x.png ... 
2020-09-11 02:31:24 +0000  3185 bytes for ./Pandora/apps/__UNI__80DC7F1/www/static/pay_ccb@2x.png
copying file ./Pandora/apps/__UNI__80DC7F1/www/static/myicon.png ... 
2020-09-11 02:31:24 +0000  103281 bytes for ./Pandora/apps/__UNI__80DC7F1/www/static/myicon.png
2020-09-11 02:31:24 +0000  copying file ./Pandora/apps/__UNI__80DC7F1/www/static/uni.ttf ... 
2020-09-11 02:31:24 +0000  26164 bytes for ./Pandora/apps/__UNI__80DC7F1/www/static/uni.ttf
2020-09-11 02:31:24 +0000  copying file ./Pandora/apps/__UNI__80DC7F1/www/static/echarts.min.js ... 
2020-09-11 02:31:24 +0000  747492 bytes for ./Pandora/apps/__UNI__80DC7F1/www/static/echarts.min.js
2020-09-11 02:31:24 +0000  copying file ./Pandora/apps/__UNI__80DC7F1/www/manifest.json ... 
1000 bytes for ./Pandora/apps/__UNI__80DC7F1/www/manifest.json
copying file ./Pandora/apps/__UNI__80DC7F1/www/__uniappquillimageresize.js ... 
2020-09-11 02:31:24 +0000  24501 bytes for ./Pandora/apps/__UNI__80DC7F1/www/__uniappquillimageresize.js
2020-09-11 02:31:24 +0000  copying file ./Pandora/apps/__UNI__80DC7F1/www/app-config-service.js ... 
2020-09-11 02:31:24 +0000  7737 bytes for ./Pandora/apps/__UNI__80DC7F1/www/app-config-service.js
copying file ./Pandora/apps/__UNI__80DC7F1/www/view.umd.min.js ... 
2020-09-11 02:31:24 +0000  296643 bytes for ./Pandora/apps/__UNI__80DC7F1/www/view.umd.min.js
2020-09-11 02:31:24 +0000  copying file ./Pandora/apps/__UNI__80DC7F1/www/app-view.js ... 
2020-09-11 02:31:24 +0000  440722 bytes for ./Pandora/apps/__UNI__80DC7F1/www/app-view.js
2020-09-11 02:31:24 +0000  copying file ./Pandora/apps/__UNI__80DC7F1/www/view.css ... 
2020-09-11 02:31:24 +0000  55851 bytes for ./Pandora/apps/__UNI__80DC7F1/www/view.css
2020-09-11 02:31:24 +0000  copying file ./Pandora/apps/__UNI__80DC7F1/www/__uniappquill.js ... 
2020-09-11 02:31:24 +0000  216333 bytes for ./Pandora/apps/__UNI__80DC7F1/www/__uniappquill.js
2020-09-11 02:31:24 +0000  copying file ./BIcon.png ... 
2020-09-11 02:31:24 +0000  72815 bytes for ./BIcon.png
2020-09-11 02:31:24 +0000  copying file ./LaunchScreen.storyboardc/01J-lp-oVM-view-z0m-pv-cfa.nib ... 
2020-09-11 02:31:24 +0000  3609 bytes for ./LaunchScreen.storyboardc/01J-lp-oVM-view-z0m-pv-cfa.nib
2020-09-11 02:31:24 +0000  copying file ./LaunchScreen.storyboardc/UIViewController-01J-lp-oVM.nib ... 
2020-09-11 02:31:24 +0000  896 bytes for ./LaunchScreen.storyboardc/UIViewController-01J-lp-oVM.nib
copying file ./LaunchScreen.storyboardc/Info.plist ... 
2020-09-11 02:31:24 +0000  258 bytes for ./LaunchScreen.storyboardc/Info.plist
2020-09-11 02:31:24 +0000  copying file ./YYADViewController.nib/objects-11.0+.nib ... 
2020-09-11 02:31:24 +0000  4981 bytes for ./YYADViewController.nib/objects-11.0+.nib
2020-09-11 02:31:24 +0000  copying file ./YYADViewController.nib/runtime.nib ... 
2020-09-11 02:31:24 +0000  4318 bytes for ./YYADViewController.nib/runtime.nib
copying file ./dclogo@3x.png ... 
2020-09-11 02:31:24 +0000  1125 bytes for ./dclogo@3x.png
2020-09-11 02:31:24 +0000  copying file ./DCPGVideo.bundle/player_play@2x.png ... 
2020-09-11 02:31:24 +0000  632 bytes for ./DCPGVideo.bundle/player_play@2x.png
2020-09-11 02:31:24 +0000  copying file ./DCPGVideo.bundle/video_ic_muteoff@3x.png ... 
2020-09-11 02:31:24 +0000  888 bytes for ./DCPGVideo.bundle/video_ic_muteoff@3x.png
copying file ./DCPGVideo.bundle/play@3x.png ... 
2020-09-11 02:31:24 +0000  4651 bytes for ./DCPGVideo.bundle/play@3x.png
2020-09-11 02:31:24 +0000  copying file ./DCPGVideo.bundle/player_back.png ... 
2020-09-11 02:31:24 +0000  592 bytes for ./DCPGVideo.bundle/player_back.png
copying file ./DCPGVideo.bundle/player_back@3x.png ... 
2020-09-11 02:31:24 +0000  1990 bytes for ./DCPGVideo.bundle/player_back@3x.png
copying file ./DCPGVideo.bundle/player_play.png ... 
2020-09-11 02:31:24 +0000  378 bytes for ./DCPGVideo.bundle/player_play.png
2020-09-11 02:31:24 +0000  copying file ./DCPGVideo.bundle/control_brightness@2x.png ... 
2020-09-11 02:31:24 +0000  1936 bytes for ./DCPGVideo.bundle/control_brightness@2x.png
2020-09-11 02:31:24 +0000  copying file ./DCPGVideo.bundle/slider_thumb@3x.png ... 
2020-09-11 02:31:24 +0000  702 bytes for ./DCPGVideo.bundle/slider_thumb@3x.png
2020-09-11 02:31:24 +0000  copying file ./DCPGVideo.bundle/slider_thumb@2x.png ... 
2020-09-11 02:31:24 +0000  436 bytes for ./DCPGVideo.bundle/slider_thumb@2x.png
copying file ./DCPGVideo.bundle/player_back@2x.png ... 
2020-09-11 02:31:24 +0000  1265 bytes for ./DCPGVideo.bundle/player_back@2x.png
2020-09-11 02:31:24 +0000  copying file ./DCPGVideo.bundle/video_ic_muteoff@2x.png ... 
2020-09-11 02:31:24 +0000  888 bytes for ./DCPGVideo.bundle/video_ic_muteoff@2x.png
copying file ./DCPGVideo.bundle/play@2x.png ... 
2020-09-11 02:31:24 +0000  2696 bytes for ./DCPGVideo.bundle/play@2x.png
2020-09-11 02:31:24 +0000  copying file ./DCPGVideo.bundle/player_play@3x.png ... 
2020-09-11 02:31:24 +0000  929 bytes for ./DCPGVideo.bundle/player_play@3x.png
copying file ./DCPGVideo.bundle/video_ic_muteon@3x.png ... 
2020-09-11 02:31:24 +0000  1159 bytes for ./DCPGVideo.bundle/video_ic_muteon@3x.png
2020-09-11 02:31:24 +0000  copying file ./DCPGVideo.bundle/video_ic_muteon@2x.png ... 
2020-09-11 02:31:24 +0000  1159 bytes for ./DCPGVideo.bundle/video_ic_muteon@2x.png
2020-09-11 02:31:24 +0000  copying file ./DCPGVideo.bundle/exitfullscreen@2x.png ... 
2020-09-11 02:31:24 +0000  396 bytes for ./DCPGVideo.bundle/exitfullscreen@2x.png
copying file ./DCPGVideo.bundle/full_screen@3x.png ... 
2020-09-11 02:31:24 +0000  427 bytes for ./DCPGVideo.bundle/full_screen@3x.png
2020-09-11 02:31:24 +0000  copying file ./DCPGVideo.bundle/player_stop@3x.png ... 
2020-09-11 02:31:24 +0000  356 bytes for ./DCPGVideo.bundle/player_stop@3x.png
copying file ./DCPGVideo.bundle/video_volume@3x.png ... 
2020-09-11 02:31:24 +0000  10635 bytes for ./DCPGVideo.bundle/video_volume@3x.png
2020-09-11 02:31:24 +0000  copying file ./DCPGVideo.bundle/video_volume@2x.png ... 
2020-09-11 02:31:24 +0000  10635 bytes for ./DCPGVideo.bundle/video_volume@2x.png
copying file ./DCPGVideo.bundle/player_stop@2x.png ... 
2020-09-11 02:31:24 +0000  254 bytes for ./DCPGVideo.bundle/player_stop@2x.png
copying file ./DCPGVideo.bundle/full_screen@2x.png ... 
2020-09-11 02:31:24 +0000  427 bytes for ./DCPGVideo.bundle/full_screen@2x.png
2020-09-11 02:31:24 +0000  copying file ./DCPGVideo.bundle/play.png ... 
1090 bytes for ./DCPGVideo.bundle/play.png
2020-09-11 02:31:24 +0000  copying file ./DCPGVideo.bundle/player_stop.png ... 
212 bytes for ./DCPGVideo.bundle/player_stop.png
copying file ./DCPGVideo.bundle/exitfullscreen@3x.png ... 
2020-09-11 02:31:24 +0000  396 bytes for ./DCPGVideo.bundle/exitfullscreen@3x.png
2020-09-11 02:31:24 +0000  copying file ./embedded.mobileprovision ... 
2020-09-11 02:31:24 +0000  12177 bytes for ./embedded.mobileprovision
2020-09-11 02:31:24 +0000  copying file ./SVProgressHUD.bundle/info.png ... 
2020-09-11 02:31:24 +0000  365 bytes for ./SVProgressHUD.bundle/info.png
2020-09-11 02:31:24 +0000  copying file ./SVProgressHUD.bundle/error@3x.png ... 
2020-09-11 02:31:24 +0000  398 bytes for ./SVProgressHUD.bundle/error@3x.png
copying file ./SVProgressHUD.bundle/angle-mask@3x.png ... 
2020-09-11 02:31:24 +0000  8319 bytes for ./SVProgressHUD.bundle/angle-mask@3x.png
copying file ./SVProgressHUD.bundle/angle-mask@2x.png ... 
2020-09-11 02:31:24 +0000  4893 bytes for ./SVProgressHUD.bundle/angle-mask@2x.png
copying file ./SVProgressHUD.bundle/error@2x.png ... 
2020-09-11 02:31:24 +0000  306 bytes for ./SVProgressHUD.bundle/error@2x.png
copying file ./SVProgressHUD.bundle/info@3x.png ... 
2020-09-11 02:31:24 +0000  1200 bytes for ./SVProgressHUD.bundle/info@3x.png
copying file ./SVProgressHUD.bundle/success@2x.png ... 
2020-09-11 02:31:24 +0000  462 bytes for ./SVProgressHUD.bundle/success@2x.png
2020-09-11 02:31:24 +0000  copying file ./SVProgressHUD.bundle/success@3x.png ... 
2020-09-11 02:31:24 +0000  714 bytes for ./SVProgressHUD.bundle/success@3x.png
copying file ./SVProgressHUD.bundle/info@2x.png ... 
2020-09-11 02:31:24 +0000  816 bytes for ./SVProgressHUD.bundle/info@2x.png
2020-09-11 02:31:24 +0000  copying file ./SVProgressHUD.bundle/error.png ... 
2020-09-11 02:31:24 +0000  184 bytes for ./SVProgressHUD.bundle/error.png
copying file ./SVProgressHUD.bundle/success.png ... 
2020-09-11 02:31:24 +0000  262 bytes for ./SVProgressHUD.bundle/success.png
2020-09-11 02:31:24 +0000  copying file ./SVProgressHUD.bundle/angle-mask.png ... 
2020-09-11 02:31:24 +0000  1845 bytes for ./SVProgressHUD.bundle/angle-mask.png
2020-09-11 02:31:24 +0000  copying file ./weex-polyfill.js ... 
2020-09-11 02:31:24 +0000  20054 bytes for ./weex-polyfill.js
2020-09-11 02:31:24 +0000  copying file ./Info.plist ... 
2020-09-11 02:31:24 +0000  6089 bytes for ./Info.plist
copying file ./PkgInfo ... 
2020-09-11 02:31:24 +0000  8 bytes for ./PkgInfo
2020-09-11 02:31:24 +0000  copying file ./dclogo@2x.png ... 
2020-09-11 02:31:24 +0000  1105 bytes for ./dclogo@2x.png
copying file ./weexUniJs.js ... 
2020-09-11 02:31:24 +0000  146882 bytes for ./weexUniJs.js
2020-09-11 02:31:24 +0000  /usr/bin/ditto exited with 0
2020-09-11 02:31:24 +0000  Processing step: IDEDistributionEmbedProfileStep
2020-09-11 02:31:24 +0000  Processing step: IDEDistributionInfoPlistStep
2020-09-11 02:31:24 +0000  Skipping step: IDEDistributionInfoPlistStep because it said so
2020-09-11 02:31:24 +0000  Processing step: IDEDistributionAppThinningPlistStep
2020-09-11 02:31:24 +0000  Skipping step: IDEDistributionAppThinningPlistStep because it said so
2020-09-11 02:31:24 +0000  Processing step: IDEDistributionCompileBitcodeStep
2020-09-11 02:31:24 +0000  Skipping step: IDEDistributionCompileBitcodeStep because it said so
2020-09-11 02:31:24 +0000  Processing step: IDEDistributionCodeSlimmingStep
2020-09-11 02:31:24 +0000  Processing step: IDEDistributionCopyBCSymbolMapsStep
2020-09-11 02:31:24 +0000  Skipping step: IDEDistributionCopyBCSymbolMapsStep because it said so
2020-09-11 02:31:24 +0000  Processing step: IDEDistributionSymbolsStep
2020-09-11 02:31:24 +0000  Skipping step: IDEDistributionSymbolsStep because it said so
2020-09-11 02:31:24 +0000  Processing step: IDEDistributionAppThinningStep
2020-09-11 02:31:24 +0000  Skipping step: IDEDistributionAppThinningStep because it said so
2020-09-11 02:31:24 +0000  Processing step: IDEDistributionArchThinningStep
2020-09-11 02:31:24 +0000  Running /Applications/Xcode.app/Contents/Developer/Toolchains/XcodeDefault.xctoolchain/usr/bin/lipo '/var/folders/yb/sms58fh10_vbns_3n0ly29nr0000gn/T/XcodeDistPipeline.~~~6X7voN/Root/Payload/移移商家.app/移移商家' '-verify_arch' 'arm64e'
2020-09-11 02:31:24 +0000  /Applications/Xcode.app/Contents/Developer/Toolchains/XcodeDefault.xctoolchain/usr/bin/lipo exited with 1
2020-09-11 02:31:24 +0000  Skipping architecture thinning for item "移移商家" because arch "arm64e" wasn't found
2020-09-11 02:31:24 +0000  Processing step: IDEDistributionODRStep
2020-09-11 02:31:24 +0000  Processing step: IDEDistributionStripXattrsStep
2020-09-11 02:31:24 +0000  Running /usr/bin/xattr '-crs' '/var/folders/yb/sms58fh10_vbns_3n0ly29nr0000gn/T/XcodeDistPipeline.~~~6X7voN/Root/Payload/移移商家.app'
2020-09-11 02:31:24 +0000  /usr/bin/xattr exited with 0
2020-09-11 02:31:24 +0000  Processing step: IDEDistributionCodesignStep
2020-09-11 02:31:24 +0000  Entitlements for <IDEDistributionItem: 0x7f9f3844b4c0; bundleID='com.yiyi.Busi', path='<DVTFilePath:0x7f9f7f556c30:'/Users/apple/Library/Developer/Xcode/Archives/2020-09-11/HBuilder 2020-9-11, 10.29 AM.xcarchive/Products/Applications/移移商家.app'>', codeSigningInfo='<_DVTCodeSigningInformation_Path: 0x7f9f37e88ea0; isSigned='1', isAdHocSigned='0', signingCertificate='<DVTSigningCertificate: 0x7f9f393a5740; name='Apple Development: guizhu su (RVHN9A8UXS)', hash='87FFF5EDA0596C381CA1FD959ADF778FDDF53E3D', serialNumber='12198EA23153A663', certificateKinds='(
    "1.2.840.113635.100.6.1.12",
    "1.2.840.113635.100.6.1.2"
), issueDate='2020-06-28 01:17:39 +0000''>', entitlements='{
    "application-identifier" = "ZXMK2V87C9.com.yiyi.Busi";
    "aps-environment" = development;
    "com.apple.developer.team-identifier" = ZXMK2V87C9;
    "get-task-allow" = 1;
}', teamID='ZXMK2V87C9', identifier='com.yiyi.Busi', executablePath='<DVTFilePath:0x7f9f3773f720:'/Users/apple/Library/Developer/Xcode/Archives/2020-09-11/HBuilder 2020-9-11, 10.29 AM.xcarchive/Products/Applications/移移商家.app/移移商家'>', hardenedRuntime='0'>'>: {
    "application-identifier" = "ZXMK2V87C9.com.yiyi.Busi";
    "aps-environment" = production;
    "com.apple.developer.team-identifier" = ZXMK2V87C9;
    "get-task-allow" = 0;
}
2020-09-11 02:31:24 +0000  Writing entitlements for <IDEDistributionItem: 0x7f9f3844b4c0; bundleID='com.yiyi.Busi', path='<DVTFilePath:0x7f9f7f556c30:'/Users/apple/Library/Developer/Xcode/Archives/2020-09-11/HBuilder 2020-9-11, 10.29 AM.xcarchive/Products/Applications/移移商家.app'>', codeSigningInfo='<_DVTCodeSigningInformation_Path: 0x7f9f37e88ea0; isSigned='1', isAdHocSigned='0', signingCertificate='<DVTSigningCertificate: 0x7f9f3429ab00; name='Apple Development: guizhu su (RVHN9A8UXS)', hash='87FFF5EDA0596C381CA1FD959ADF778FDDF53E3D', serialNumber='12198EA23153A663', certificateKinds='(
    "1.2.840.113635.100.6.1.12",
    "1.2.840.113635.100.6.1.2"
), issueDate='2020-06-28 01:17:39 +0000''>', entitlements='{
    "application-identifier" = "ZXMK2V87C9.com.yiyi.Busi";
    "aps-environment" = development;
    "com.apple.developer.team-identifier" = ZXMK2V87C9;
    "get-task-allow" = 1;
}', teamID='ZXMK2V87C9', identifier='com.yiyi.Busi', executablePath='<DVTFilePath:0x7f9f3773f720:'/Users/apple/Library/Developer/Xcode/Archives/2020-09-11/HBuilder 2020-9-11, 10.29 AM.xcarchive/Products/Applications/移移商家.app/移移商家'>', hardenedRuntime='0'>'> to: /var/folders/yb/sms58fh10_vbns_3n0ly29nr0000gn/T/XcodeDistPipeline.~~~6X7voN/entitlements~~~lwSCvI
2020-09-11 02:31:24 +0000  Running /usr/bin/codesign '-vvv' '--force' '--sign' '4B8FAB1E63D07A05D05BF6DACAEFF1595A5340E7' '--entitlements' '/var/folders/yb/sms58fh10_vbns_3n0ly29nr0000gn/T/XcodeDistPipeline.~~~6X7voN/entitlements~~~lwSCvI' '--preserve-metadata=identifier,flags,runtime' '/var/folders/yb/sms58fh10_vbns_3n0ly29nr0000gn/T/XcodeDistPipeline.~~~6X7voN/Root/Payload/移移商家.app'
2020-09-11 02:31:24 +0000  /var/folders/yb/sms58fh10_vbns_3n0ly29nr0000gn/T/XcodeDistPipeline.~~~6X7voN/Root/Payload/移移商家.app: replacing existing signature
2020-09-11 02:31:25 +0000  /var/folders/yb/sms58fh10_vbns_3n0ly29nr0000gn/T/XcodeDistPipeline.~~~6X7voN/Root/Payload/移移商家.app: signed app bundle with Mach-O universal (armv7 arm64) [com.yiyi.Busi]
2020-09-11 02:31:25 +0000  /usr/bin/codesign exited with 0
2020-09-11 02:31:25 +0000  Processing step: IDEDistributionZipODRItemStep
2020-09-11 02:31:25 +0000  Skipping step: IDEDistributionZipODRItemStep because it said so
2020-09-11 02:31:25 +0000  Processing step: IDEDistributionCreateIPAStep
2020-09-11 02:31:25 +0000  Running /usr/bin/ditto '-V' '-c' '-k' '--norsrc' '/var/folders/yb/sms58fh10_vbns_3n0ly29nr0000gn/T/XcodeDistPipeline.~~~6X7voN/Root' '/var/folders/yb/sms58fh10_vbns_3n0ly29nr0000gn/T/XcodeDistPipeline.~~~6X7voN/Packages/HBuilder.ipa'
2020-09-11 02:31:25 +0000  >>> Copying /var/folders/yb/sms58fh10_vbns_3n0ly29nr0000gn/T/XcodeDistPipeline.~~~6X7voN/Root 
2020-09-11 02:31:25 +0000  copying file ./Payload/移移商家.app/_CodeSignature/CodeResources ... 
2020-09-11 02:31:25 +0000  74177 bytes for ./Payload/移移商家.app/_CodeSignature/CodeResources
copying file ./Payload/移移商家.app/__uniappes6.js ... 
2020-09-11 02:31:25 +0000  52681 bytes for ./Payload/移移商家.app/__uniappes6.js
2020-09-11 02:31:25 +0000  copying file ./Payload/移移商家.app/zh-Hans.lproj/Localizable.strings ... 
281 bytes for ./Payload/移移商家.app/zh-Hans.lproj/Localizable.strings
copying file ./Payload/移移商家.app/zh-Hans.lproj/InfoPlist.strings ... 
42 bytes for ./Payload/移移商家.app/zh-Hans.lproj/InfoPlist.strings
copying file ./Payload/移移商家.app/AppIcon20x20@2x.png ... 
2020-09-11 02:31:25 +0000  10204 bytes for ./Payload/移移商家.app/AppIcon20x20@2x.png
copying file ./Payload/移移商家.app/en.lproj/Localizable.strings ... 
2020-09-11 02:31:25 +0000  385 bytes for ./Payload/移移商家.app/en.lproj/Localizable.strings
copying file ./Payload/移移商家.app/en.lproj/InfoPlist.strings ... 
83 bytes for ./Payload/移移商家.app/en.lproj/InfoPlist.strings
copying file ./Payload/移移商家.app/uni-jsframework.js ... 
2020-09-11 02:31:25 +0000  436405 bytes for ./Payload/移移商家.app/uni-jsframework.js
copying file ./Payload/移移商家.app/AppIcon20x20@3x.png ... 
2020-09-11 02:31:25 +0000  17784 bytes for ./Payload/移移商家.app/AppIcon20x20@3x.png
copying file ./Payload/移移商家.app/File ... 
2020-09-11 02:31:25 +0000  0 bytes for ./Payload/移移商家.app/File
copying file ./Payload/移移商家.app/AppIcon60x60@2x.png ... 
2020-09-11 02:31:25 +0000  40630 bytes for ./Payload/移移商家.app/AppIcon60x60@2x.png
copying file ./Payload/移移商家.app/control.xml ... 
2020-09-11 02:31:25 +0000  201 bytes for ./Payload/移移商家.app/control.xml
copying file ./Payload/移移商家.app/AppIcon29x29@2x.png ... 
2020-09-11 02:31:25 +0000  16798 bytes for ./Payload/移移商家.app/AppIcon29x29@2x.png
copying file ./Payload/移移商家.app/AppIcon40x40@3x.png ... 
2020-09-11 02:31:25 +0000  40630 bytes for ./Payload/移移商家.app/AppIcon40x40@3x.png
2020-09-11 02:31:25 +0000  copying file ./Payload/移移商家.app/TZImagePickerController.bundle/takePicture@2x.png ... 
3054 bytes for ./Payload/移移商家.app/TZImagePickerController.bundle/takePicture@2x.png
copying file ./Payload/移移商家.app/TZImagePickerController.bundle/zh-Hans.lproj/Localizable.strings ... 
2020-09-11 02:31:25 +0000  1902 bytes for ./Payload/移移商家.app/TZImagePickerController.bundle/zh-Hans.lproj/Localizable.strings
copying file ./Payload/移移商家.app/TZImagePickerController.bundle/photo_sel_photoPickerVc@2x.png ... 
1006 bytes for ./Payload/移移商家.app/TZImagePickerController.bundle/photo_sel_photoPickerVc@2x.png
2020-09-11 02:31:25 +0000  copying file ./Payload/移移商家.app/TZImagePickerController.bundle/en.lproj/Localizable.strings ... 
2594 bytes for ./Payload/移移商家.app/TZImagePickerController.bundle/en.lproj/Localizable.strings
copying file ./Payload/移移商家.app/TZImagePickerController.bundle/MMVideoPreviewPlayHL@2x.png ... 
2020-09-11 02:31:25 +0000  3645 bytes for ./Payload/移移商家.app/TZImagePickerController.bundle/MMVideoPreviewPlayHL@2x.png
copying file ./Payload/移移商家.app/TZImagePickerController.bundle/photo_sel_previewVc@2x.png ... 
1183 bytes for ./Payload/移移商家.app/TZImagePickerController.bundle/photo_sel_previewVc@2x.png
copying file ./Payload/移移商家.app/TZImagePickerController.bundle/MMVideoPreviewPlay@2x.png ... 
2020-09-11 02:31:25 +0000  3645 bytes for ./Payload/移移商家.app/TZImagePickerController.bundle/MMVideoPreviewPlay@2x.png
copying file ./Payload/移移商家.app/TZImagePickerController.bundle/preview_original_def@2x.png ... 
392 bytes for ./Payload/移移商家.app/TZImagePickerController.bundle/preview_original_def@2x.png
copying file ./Payload/移移商家.app/TZImagePickerController.bundle/photo_def_previewVc@2x.png ... 
2020-09-11 02:31:25 +0000  1155 bytes for ./Payload/移移商家.app/TZImagePickerController.bundle/photo_def_previewVc@2x.png
copying file ./Payload/移移商家.app/TZImagePickerController.bundle/photo_original_sel@2x.png ... 
620 bytes for ./Payload/移移商家.app/TZImagePickerController.bundle/photo_original_sel@2x.png
copying file ./Payload/移移商家.app/TZImagePickerController.bundle/zh-Hant.lproj/Localizable.strings ... 
2020-09-11 02:31:25 +0000  1902 bytes for ./Payload/移移商家.app/TZImagePickerController.bundle/zh-Hant.lproj/Localizable.strings
copying file ./Payload/移移商家.app/TZImagePickerController.bundle/takePicture80@2x.png ... 
1285 bytes for ./Payload/移移商家.app/TZImagePickerController.bundle/takePicture80@2x.png
copying file ./Payload/移移商家.app/TZImagePickerController.bundle/photo_def_photoPickerVc@2x.png ... 
2020-09-11 02:31:25 +0000  1155 bytes for ./Payload/移移商家.app/TZImagePickerController.bundle/photo_def_photoPickerVc@2x.png
copying file ./Payload/移移商家.app/TZImagePickerController.bundle/preview_number_icon@2x.png ... 
2020-09-11 02:31:25 +0000  501 bytes for ./Payload/移移商家.app/TZImagePickerController.bundle/preview_number_icon@2x.png
2020-09-11 02:31:25 +0000  copying file ./Payload/移移商家.app/TZImagePickerController.bundle/vi.lproj/Localizable.strings ... 
2020-09-11 02:31:25 +0000  1614 bytes for ./Payload/移移商家.app/TZImagePickerController.bundle/vi.lproj/Localizable.strings
copying file ./Payload/移移商家.app/TZImagePickerController.bundle/navi_back@2x.png ... 
116 bytes for ./Payload/移移商家.app/TZImagePickerController.bundle/navi_back@2x.png
2020-09-11 02:31:25 +0000  copying file ./Payload/移移商家.app/TZImagePickerController.bundle/photo_original_def@2x.png ... 
2020-09-11 02:31:25 +0000  1602 bytes for ./Payload/移移商家.app/TZImagePickerController.bundle/photo_original_def@2x.png
copying file ./Payload/移移商家.app/TZImagePickerController.bundle/Root.plist ... 
2020-09-11 02:31:25 +0000  1456 bytes for ./Payload/移移商家.app/TZImagePickerController.bundle/Root.plist
copying file ./Payload/移移商家.app/TZImagePickerController.bundle/photo_number_icon@2x.png ... 
2020-09-11 02:31:25 +0000  501 bytes for ./Payload/移移商家.app/TZImagePickerController.bundle/photo_number_icon@2x.png
2020-09-11 02:31:25 +0000  copying file ./Payload/移移商家.app/TZImagePickerController.bundle/VideoSendIcon@2x.png ... 
223 bytes for ./Payload/移移商家.app/TZImagePickerController.bundle/VideoSendIcon@2x.png
copying file ./Payload/移移商家.app/LaunchScreenAD.storyboardc/01J-lp-oVM-view-Ze5-6b-2t3.nib ... 
2020-09-11 02:31:25 +0000  4265 bytes for ./Payload/移移商家.app/LaunchScreenAD.storyboardc/01J-lp-oVM-view-Ze5-6b-2t3.nib
2020-09-11 02:31:25 +0000  copying file ./Payload/移移商家.app/LaunchScreenAD.storyboardc/UIViewController-01J-lp-oVM.nib ... 
2020-09-11 02:31:25 +0000  896 bytes for ./Payload/移移商家.app/LaunchScreenAD.storyboardc/UIViewController-01J-lp-oVM.nib
copying file ./Payload/移移商家.app/LaunchScreenAD.storyboardc/Info.plist ... 
2020-09-11 02:31:25 +0000  258 bytes for ./Payload/移移商家.app/LaunchScreenAD.storyboardc/Info.plist
2020-09-11 02:31:25 +0000  copying file ./Payload/移移商家.app/AppIcon40x40@2x.png ... 
2020-09-11 02:31:25 +0000  24781 bytes for ./Payload/移移商家.app/AppIcon40x40@2x.png
2020-09-11 02:31:25 +0000  copying file ./Payload/移移商家.app/PandoraApi.bundle/close2_barbutton@3x.png ... 
2020-09-11 02:31:25 +0000  4740 bytes for ./Payload/移移商家.app/PandoraApi.bundle/close2_barbutton@3x.png
2020-09-11 02:31:25 +0000  copying file ./Payload/移移商家.app/PandoraApi.bundle/close_barbutton.png ... 
2020-09-11 02:31:25 +0000  3994 bytes for ./Payload/移移商家.app/PandoraApi.bundle/close_barbutton.png
2020-09-11 02:31:25 +0000  copying file ./Payload/移移商家.app/PandoraApi.bundle/close_barbutton@3x.png ... 
2020-09-11 02:31:25 +0000  4233 bytes for ./Payload/移移商家.app/PandoraApi.bundle/close_barbutton@3x.png
copying file ./Payload/移移商家.app/PandoraApi.bundle/favorite_broswer@3x.png ... 
2020-09-11 02:31:25 +0000  7031 bytes for ./Payload/移移商家.app/PandoraApi.bundle/favorite_broswer@3x.png
2020-09-11 02:31:25 +0000  copying file ./Payload/移移商家.app/PandoraApi.bundle/back_barbutton@3x.png ... 
199 bytes for ./Payload/移移商家.app/PandoraApi.bundle/back_barbutton@3x.png
copying file ./Payload/移移商家.app/PandoraApi.bundle/selected_barbutton@2x.png ... 
2020-09-11 02:31:25 +0000  4210 bytes for ./Payload/移移商家.app/PandoraApi.bundle/selected_barbutton@2x.png
2020-09-11 02:31:25 +0000  copying file ./Payload/移移商家.app/PandoraApi.bundle/beep-beep.caf ... 
4720 bytes for ./Payload/移移商家.app/PandoraApi.bundle/beep-beep.caf
2020-09-11 02:31:25 +0000  copying file ./Payload/移移商家.app/PandoraApi.bundle/back@2x.png ... 
2020-09-11 02:31:25 +0000  1293 bytes for ./Payload/移移商家.app/PandoraApi.bundle/back@2x.png
2020-09-11 02:31:25 +0000  copying file ./Payload/移移商家.app/PandoraApi.bundle/selected_barbutton.png ... 
2020-09-11 02:31:25 +0000  4210 bytes for ./Payload/移移商家.app/PandoraApi.bundle/selected_barbutton.png
2020-09-11 02:31:25 +0000  copying file ./Payload/移移商家.app/PandoraApi.bundle/all.js ... 
2020-09-11 02:31:25 +0000  173875 bytes for ./Payload/移移商家.app/PandoraApi.bundle/all.js
2020-09-11 02:31:25 +0000  copying file ./Payload/移移商家.app/PandoraApi.bundle/selected_barbutton@3x.png ... 
4629 bytes for ./Payload/移移商家.app/PandoraApi.bundle/selected_barbutton@3x.png
2020-09-11 02:31:25 +0000  copying file ./Payload/移移商家.app/PandoraApi.bundle/back_barbutton@2x.png ... 
129 bytes for ./Payload/移移商家.app/PandoraApi.bundle/back_barbutton@2x.png
copying file ./Payload/移移商家.app/PandoraApi.bundle/favorite_broswer@2x.png ... 
2020-09-11 02:31:25 +0000  5732 bytes for ./Payload/移移商家.app/PandoraApi.bundle/favorite_broswer@2x.png
copying file ./Payload/移移商家.app/PandoraApi.bundle/renovate_barbutton.png ... 
2020-09-11 02:31:25 +0000  4251 bytes for ./Payload/移移商家.app/PandoraApi.bundle/renovate_barbutton.png
copying file ./Payload/移移商家.app/PandoraApi.bundle/close_barbutton@2x.png ... 
2020-09-11 02:31:25 +0000  3994 bytes for ./Payload/移移商家.app/PandoraApi.bundle/close_barbutton@2x.png
copying file ./Payload/移移商家.app/PandoraApi.bundle/close2_barbutton@2x.png ... 
2020-09-11 02:31:25 +0000  4330 bytes for ./Payload/移移商家.app/PandoraApi.bundle/close2_barbutton@2x.png
copying file ./Payload/移移商家.app/PandoraApi.bundle/share_barbutton@3x.png ... 
2020-09-11 02:31:25 +0000  4832 bytes for ./Payload/移移商家.app/PandoraApi.bundle/share_barbutton@3x.png
copying file ./Payload/移移商家.app/PandoraApi.bundle/navLine@2x.png ... 
132 bytes for ./Payload/移移商家.app/PandoraApi.bundle/navLine@2x.png
copying file ./Payload/移移商家.app/PandoraApi.bundle/pulltorefresh.js ... 
2020-09-11 02:31:25 +0000  18128 bytes for ./Payload/移移商家.app/PandoraApi.bundle/pulltorefresh.js
copying file ./Payload/移移商家.app/PandoraApi.bundle/search_barbutton@2x.png ... 
2020-09-11 02:31:25 +0000  4837 bytes for ./Payload/移移商家.app/PandoraApi.bundle/search_barbutton@2x.png
copying file ./Payload/移移商家.app/PandoraApi.bundle/cpcwatchdog.json ... 
232 bytes for ./Payload/移移商家.app/PandoraApi.bundle/cpcwatchdog.json
2020-09-11 02:31:25 +0000  copying file ./Payload/移移商家.app/PandoraApi.bundle/plugin/back_disable.png ... 
2020-09-11 02:31:25 +0000  41846 bytes for ./Payload/移移商家.app/PandoraApi.bundle/plugin/back_disable.png
copying file ./Payload/移移商家.app/PandoraApi.bundle/plugin/stop.png ... 
2020-09-11 02:31:25 +0000  629 bytes for ./Payload/移移商家.app/PandoraApi.bundle/plugin/stop.png
copying file ./Payload/移移商家.app/PandoraApi.bundle/plugin/forward_disable.png ... 
2020-09-11 02:31:25 +0000  42455 bytes for ./Payload/移移商家.app/PandoraApi.bundle/plugin/forward_disable.png
2020-09-11 02:31:25 +0000  copying file ./Payload/移移商家.app/PandoraApi.bundle/plugin/gallery/video.png ... 
4333 bytes for ./Payload/移移商家.app/PandoraApi.bundle/plugin/gallery/video.png
copying file ./Payload/移移商家.app/PandoraApi.bundle/plugin/cancel.png ... 
2020-09-11 02:31:25 +0000  808 bytes for ./Payload/移移商家.app/PandoraApi.bundle/plugin/cancel.png
copying file ./Payload/移移商家.app/PandoraApi.bundle/plugin/forward_press.png ... 
2020-09-11 02:31:25 +0000  43853 bytes for ./Payload/移移商家.app/PandoraApi.bundle/plugin/forward_press.png
copying file ./Payload/移移商家.app/PandoraApi.bundle/plugin/forward.png ... 
2020-09-11 02:31:25 +0000  42287 bytes for ./Payload/移移商家.app/PandoraApi.bundle/plugin/forward.png
copying file ./Payload/移移商家.app/PandoraApi.bundle/plugin/back.png ... 
2020-09-11 02:31:25 +0000  42433 bytes for ./Payload/移移商家.app/PandoraApi.bundle/plugin/back.png
copying file ./Payload/移移商家.app/PandoraApi.bundle/plugin/refresh.png ... 
2020-09-11 02:31:25 +0000  800 bytes for ./Payload/移移商家.app/PandoraApi.bundle/plugin/refresh.png
copying file ./Payload/移移商家.app/PandoraApi.bundle/plugin/back_press.png ... 
2020-09-11 02:31:25 +0000  43679 bytes for ./Payload/移移商家.app/PandoraApi.bundle/plugin/back_press.png
copying file ./Payload/移移商家.app/PandoraApi.bundle/bu_close@3x.png ... 
2020-09-11 02:31:25 +0000  640 bytes for ./Payload/移移商家.app/PandoraApi.bundle/bu_close@3x.png
copying file ./Payload/移移商家.app/PandoraApi.bundle/sitemap/H5A0B1958.json ... 
280 bytes for ./Payload/移移商家.app/PandoraApi.bundle/sitemap/H5A0B1958.json
2020-09-11 02:31:25 +0000  copying file ./Payload/移移商家.app/PandoraApi.bundle/sitemap/__W2A__H56B3FED7.json ... 
2020-09-11 02:31:25 +0000  21966 bytes for ./Payload/移移商家.app/PandoraApi.bundle/sitemap/__W2A__H56B3FED7.json
copying file ./Payload/移移商家.app/PandoraApi.bundle/sitemap/__W2A__H5AE54D45.json ... 
2020-09-11 02:31:25 +0000  298 bytes for ./Payload/移移商家.app/PandoraApi.bundle/sitemap/__W2A__H5AE54D45.json
copying file ./Payload/移移商家.app/PandoraApi.bundle/sitemap/__W2A__m.lashou.com.json ... 
5930 bytes for ./Payload/移移商家.app/PandoraApi.bundle/sitemap/__W2A__m.lashou.com.json
copying file ./Payload/移移商家.app/PandoraApi.bundle/sitemap/__W2A__www.youku.com.json ... 
2020-09-11 02:31:25 +0000  7285 bytes for ./Payload/移移商家.app/PandoraApi.bundle/sitemap/__W2A__www.youku.com.json
copying file ./Payload/移移商家.app/PandoraApi.bundle/sitemap/__W2A__H5F4563E8.json ... 
2020-09-11 02:31:25 +0000  17472 bytes for ./Payload/移移商家.app/PandoraApi.bundle/sitemap/__W2A__H5F4563E8.json
copying file ./Payload/移移商家.app/PandoraApi.bundle/sitemap/__W2A__www.tianya.cn.json ... 
2020-09-11 02:31:25 +0000  26377 bytes for ./Payload/移移商家.app/PandoraApi.bundle/sitemap/__W2A__www.tianya.cn.json
2020-09-11 02:31:25 +0000  copying file ./Payload/移移商家.app/PandoraApi.bundle/sitemap/__W2A__meituan.com.json ... 
2020-09-11 02:31:25 +0000  17743 bytes for ./Payload/移移商家.app/PandoraApi.bundle/sitemap/__W2A__meituan.com.json
copying file ./Payload/移移商家.app/PandoraApi.bundle/sitemap/__W2A__m.mafengwo.cn.json ... 
2020-09-11 02:31:25 +0000  39284 bytes for ./Payload/移移商家.app/PandoraApi.bundle/sitemap/__W2A__m.mafengwo.cn.json
copying file ./Payload/移移商家.app/PandoraApi.bundle/sitemap/__W2A__m.dangdang.com.json ... 
2020-09-11 02:31:25 +0000  10726 bytes for ./Payload/移移商家.app/PandoraApi.bundle/sitemap/__W2A__m.dangdang.com.json
2020-09-11 02:31:25 +0000  copying file ./Payload/移移商家.app/PandoraApi.bundle/sitemap/__W2A__m.v.6.cn.json ... 
2020-09-11 02:31:25 +0000  2007 bytes for ./Payload/移移商家.app/PandoraApi.bundle/sitemap/__W2A__m.v.6.cn.json
copying file ./Payload/移移商家.app/PandoraApi.bundle/sitemap/__W2A__m.taobao.com.json ... 
2020-09-11 02:31:25 +0000  29719 bytes for ./Payload/移移商家.app/PandoraApi.bundle/sitemap/__W2A__m.taobao.com.json
2020-09-11 02:31:25 +0000  copying file ./Payload/移移商家.app/PandoraApi.bundle/sitemap/__W2A__m.sjjd.com.json ... 
2020-09-11 02:31:25 +0000  32067 bytes for ./Payload/移移商家.app/PandoraApi.bundle/sitemap/__W2A__m.sjjd.com.json
2020-09-11 02:31:25 +0000  copying file ./Payload/移移商家.app/PandoraApi.bundle/sitemap/__W2A__m.nuomi.com.json ... 
2020-09-11 02:31:25 +0000  21873 bytes for ./Payload/移移商家.app/PandoraApi.bundle/sitemap/__W2A__m.nuomi.com.json
2020-09-11 02:31:25 +0000  copying file ./Payload/移移商家.app/PandoraApi.bundle/sitemap/__W2A__m.dianping.com.json ... 
2020-09-11 02:31:25 +0000  27065 bytes for ./Payload/移移商家.app/PandoraApi.bundle/sitemap/__W2A__m.dianping.com.json
2020-09-11 02:31:25 +0000  copying file ./Payload/移移商家.app/PandoraApi.bundle/sitemap/__W2A__amazon.cn.json ... 
2020-09-11 02:31:25 +0000  11802 bytes for ./Payload/移移商家.app/PandoraApi.bundle/sitemap/__W2A__amazon.cn.json
2020-09-11 02:31:25 +0000  copying file ./Payload/移移商家.app/PandoraApi.bundle/sitemap/__W2A__m.daojia.com.json ... 
2020-09-11 02:31:25 +0000  10565 bytes for ./Payload/移移商家.app/PandoraApi.bundle/sitemap/__W2A__m.daojia.com.json
2020-09-11 02:31:25 +0000  copying file ./Payload/移移商家.app/PandoraApi.bundle/sitemap/__W2A__m.iqiyi.com.json ... 
2020-09-11 02:31:25 +0000  13202 bytes for ./Payload/移移商家.app/PandoraApi.bundle/sitemap/__W2A__m.iqiyi.com.json
2020-09-11 02:31:25 +0000  copying file ./Payload/移移商家.app/PandoraApi.bundle/sitemap/__W2A__m.elong.com.json ... 
3603 bytes for ./Payload/移移商家.app/PandoraApi.bundle/sitemap/__W2A__m.elong.com.json
copying file ./Payload/移移商家.app/PandoraApi.bundle/sitemap/H52588A9C.json ... 
2020-09-11 02:31:25 +0000  18949 bytes for ./Payload/移移商家.app/PandoraApi.bundle/sitemap/H52588A9C.json
2020-09-11 02:31:25 +0000  copying file ./Payload/移移商家.app/PandoraApi.bundle/sitemap/__W2A__www.zhihu.com.json ... 
2020-09-11 02:31:25 +0000  14276 bytes for ./Payload/移移商家.app/PandoraApi.bundle/sitemap/__W2A__www.zhihu.com.json
2020-09-11 02:31:25 +0000  copying file ./Payload/移移商家.app/PandoraApi.bundle/sitemap/__W2A__m.ireader.com.json ... 
2020-09-11 02:31:25 +0000  3939 bytes for ./Payload/移移商家.app/PandoraApi.bundle/sitemap/__W2A__m.ireader.com.json
2020-09-11 02:31:25 +0000  copying file ./Payload/移移商家.app/PandoraApi.bundle/sitemap/__W2A__H5E349CB7.json ... 
2020-09-11 02:31:25 +0000  52629 bytes for ./Payload/移移商家.app/PandoraApi.bundle/sitemap/__W2A__H5E349CB7.json
2020-09-11 02:31:25 +0000  copying file ./Payload/移移商家.app/PandoraApi.bundle/sitemap/__W2A__edaijia.cn.json ... 
757 bytes for ./Payload/移移商家.app/PandoraApi.bundle/sitemap/__W2A__edaijia.cn.json
copying file ./Payload/移移商家.app/PandoraApi.bundle/sitemap/__W2A__m.yhd.com.json ... 
2020-09-11 02:31:25 +0000  12442 bytes for ./Payload/移移商家.app/PandoraApi.bundle/sitemap/__W2A__m.yhd.com.json
2020-09-11 02:31:25 +0000  copying file ./Payload/移移商家.app/PandoraApi.bundle/sitemap/__W2A__m.tv.sohu.com.json ... 
5345 bytes for ./Payload/移移商家.app/PandoraApi.bundle/sitemap/__W2A__m.tv.sohu.com.json
2020-09-11 02:31:25 +0000  copying file ./Payload/移移商家.app/PandoraApi.bundle/back_barbutton.png ... 
2020-09-11 02:31:25 +0000  202 bytes for ./Payload/移移商家.app/PandoraApi.bundle/back_barbutton.png
copying file ./Payload/移移商家.app/PandoraApi.bundle/dcloud3.dat ... 
2020-09-11 02:31:25 +0000  582 bytes for ./Payload/移移商家.app/PandoraApi.bundle/dcloud3.dat
2020-09-11 02:31:25 +0000  copying file ./Payload/移移商家.app/PandoraApi.bundle/iconfont.ttf ... 
2020-09-11 02:31:25 +0000  3112 bytes for ./Payload/移移商家.app/PandoraApi.bundle/iconfont.ttf
2020-09-11 02:31:25 +0000  copying file ./Payload/移移商家.app/PandoraApi.bundle/search_barbutton@3x.png ... 
2020-09-11 02:31:25 +0000  5987 bytes for ./Payload/移移商家.app/PandoraApi.bundle/search_barbutton@3x.png
copying file ./Payload/移移商家.app/PandoraApi.bundle/share_barbutton@2x.png ... 
2020-09-11 02:31:25 +0000  4374 bytes for ./Payload/移移商家.app/PandoraApi.bundle/share_barbutton@2x.png
2020-09-11 02:31:25 +0000  copying file ./Payload/移移商家.app/PandoraApi.bundle/image/loc2@2x.png ... 
918 bytes for ./Payload/移移商家.app/PandoraApi.bundle/image/loc2@2x.png
copying file ./Payload/移移商家.app/PandoraApi.bundle/image/loc2@3x.png ... 
2020-09-11 02:31:25 +0000  1127 bytes for ./Payload/移移商家.app/PandoraApi.bundle/image/loc2@3x.png
copying file ./Payload/移移商家.app/PandoraApi.bundle/renovate_barbutton@3x.png ... 
2020-09-11 02:31:25 +0000  5041 bytes for ./Payload/移移商家.app/PandoraApi.bundle/renovate_barbutton@3x.png
2020-09-11 02:31:25 +0000  copying file ./Payload/移移商家.app/PandoraApi.bundle/line@2x.png ... 
3604 bytes for ./Payload/移移商家.app/PandoraApi.bundle/line@2x.png
copying file ./Payload/移移商家.app/PandoraApi.bundle/more_barbutton@2x.png ... 
2020-09-11 02:31:25 +0000  161 bytes for ./Payload/移移商家.app/PandoraApi.bundle/more_barbutton@2x.png
2020-09-11 02:31:25 +0000  copying file ./Payload/移移商家.app/PandoraApi.bundle/feature.plist ... 
2020-09-11 02:31:25 +0000  7176 bytes for ./Payload/移移商家.app/PandoraApi.bundle/feature.plist
2020-09-11 02:31:25 +0000  copying file ./Payload/移移商家.app/PandoraApi.bundle/close2_barbutton.png ... 
4330 bytes for ./Payload/移移商家.app/PandoraApi.bundle/close2_barbutton.png
2020-09-11 02:31:25 +0000  copying file ./Payload/移移商家.app/PandoraApi.bundle/authapi.json ... 
2020-09-11 02:31:25 +0000  452 bytes for ./Payload/移移商家.app/PandoraApi.bundle/authapi.json
copying file ./Payload/移移商家.app/PandoraApi.bundle/more_barbutton@3x.png ... 
2020-09-11 02:31:25 +0000  350 bytes for ./Payload/移移商家.app/PandoraApi.bundle/more_barbutton@3x.png
2020-09-11 02:31:25 +0000  copying file ./Payload/移移商家.app/PandoraApi.bundle/renovate_barbutton@2x.png ... 
2020-09-11 02:31:25 +0000  4517 bytes for ./Payload/移移商家.app/PandoraApi.bundle/renovate_barbutton@2x.png
2020-09-11 02:31:25 +0000  copying file ./Payload/移移商家.app/PandoraApi.bundle/line@3x.png ... 
3607 bytes for ./Payload/移移商家.app/PandoraApi.bundle/line@3x.png
2020-09-11 02:31:25 +0000  copying file ./Payload/移移商家.app/PandoraApi.bundle/history_barbutton@3x.png ... 
2020-09-11 02:31:25 +0000  5315 bytes for ./Payload/移移商家.app/PandoraApi.bundle/history_barbutton@3x.png
2020-09-11 02:31:25 +0000  copying file ./Payload/移移商家.app/PandoraApi.bundle/favorite_barbutton@3x.png ... 
5235 bytes for ./Payload/移移商家.app/PandoraApi.bundle/favorite_barbutton@3x.png
2020-09-11 02:31:25 +0000  copying file ./Payload/移移商家.app/PandoraApi.bundle/share_barbutton.png ... 
2020-09-11 02:31:25 +0000  4374 bytes for ./Payload/移移商家.app/PandoraApi.bundle/share_barbutton.png
2020-09-11 02:31:25 +0000  copying file ./Payload/移移商家.app/PandoraApi.bundle/left-shadow-img@2x.png ... 
958 bytes for ./Payload/移移商家.app/PandoraApi.bundle/left-shadow-img@2x.png
2020-09-11 02:31:25 +0000  copying file ./Payload/移移商家.app/PandoraApi.bundle/shortcut_barbutton@2x.png ... 
2020-09-11 02:31:25 +0000  4210 bytes for ./Payload/移移商家.app/PandoraApi.bundle/shortcut_barbutton@2x.png
2020-09-11 02:31:25 +0000  copying file ./Payload/移移商家.app/PandoraApi.bundle/listening_microphone@3x.png ... 
2355 bytes for ./Payload/移移商家.app/PandoraApi.bundle/listening_microphone@3x.png
copying file ./Payload/移移商家.app/PandoraApi.bundle/scan_barbutton@2x.png ... 
2020-09-11 02:31:25 +0000  4318 bytes for ./Payload/移移商家.app/PandoraApi.bundle/scan_barbutton@2x.png
2020-09-11 02:31:25 +0000  copying file ./Payload/移移商家.app/PandoraApi.bundle/more_barbutton.png ... 
124 bytes for ./Payload/移移商家.app/PandoraApi.bundle/more_barbutton.png
copying file ./Payload/移移商家.app/PandoraApi.bundle/listening_microphone@2x.png ... 
2020-09-11 02:31:25 +0000  1700 bytes for ./Payload/移移商家.app/PandoraApi.bundle/listening_microphone@2x.png
2020-09-11 02:31:25 +0000  copying file ./Payload/移移商家.app/PandoraApi.bundle/scan_barbutton@3x.png ... 
4457 bytes for ./Payload/移移商家.app/PandoraApi.bundle/scan_barbutton@3x.png
copying file ./Payload/移移商家.app/PandoraApi.bundle/error.html ... 
2020-09-11 02:31:25 +0000  2746 bytes for ./Payload/移移商家.app/PandoraApi.bundle/error.html
2020-09-11 02:31:25 +0000  copying file ./Payload/移移商家.app/PandoraApi.bundle/shortcut_barbutton.png ... 
2020-09-11 02:31:25 +0000  4210 bytes for ./Payload/移移商家.app/PandoraApi.bundle/shortcut_barbutton.png
copying file ./Payload/移移商家.app/PandoraApi.bundle/shortcut_barbutton@3x.png ... 
2020-09-11 02:31:25 +0000  4530 bytes for ./Payload/移移商家.app/PandoraApi.bundle/shortcut_barbutton@3x.png
2020-09-11 02:31:25 +0000  copying file ./Payload/移移商家.app/PandoraApi.bundle/favorite_barbutton@2x.png ... 
4598 bytes for ./Payload/移移商家.app/PandoraApi.bundle/favorite_barbutton@2x.png
copying file ./Payload/移移商家.app/PandoraApi.bundle/history_barbutton@2x.png ... 
2020-09-11 02:31:25 +0000  4635 bytes for ./Payload/移移商家.app/PandoraApi.bundle/history_barbutton@2x.png
2020-09-11 02:31:25 +0000  copying file ./Payload/移移商家.app/AppIcon29x29@3x.png ... 
2020-09-11 02:31:25 +0000  26488 bytes for ./Payload/移移商家.app/AppIcon29x29@3x.png
2020-09-11 02:31:25 +0000  copying file ./Payload/移移商家.app/unincomponents.ttf ... 
2020-09-11 02:31:25 +0000  4360 bytes for ./Payload/移移商家.app/unincomponents.ttf
copying file ./Payload/移移商家.app/AppIcon60x60@3x.png ... 
2020-09-11 02:31:25 +0000  72815 bytes for ./Payload/移移商家.app/AppIcon60x60@3x.png
2020-09-11 02:31:25 +0000  copying file ./Payload/移移商家.app/GuideViewController.nib ... 
1766 bytes for ./Payload/移移商家.app/GuideViewController.nib
copying file ./Payload/移移商家.app/移移商家 ... 
2020-09-11 02:31:26 +0000  34459872 bytes for ./Payload/移移商家.app/移移商家
copying file ./Payload/移移商家.app/Assets.car ... 
2020-09-11 02:31:26 +0000  2914207 bytes for ./Payload/移移商家.app/Assets.car
2020-09-11 02:31:26 +0000  copying file ./Payload/移移商家.app/Pandora/apps/__UNI__80DC7F1/www/__uniappes6.js ... 
52681 bytes for ./Payload/移移商家.app/Pandora/apps/__UNI__80DC7F1/www/__uniappes6.js
copying file ./Payload/移移商家.app/Pandora/apps/__UNI__80DC7F1/www/__uniappopenlocation.js ... 
2020-09-11 02:31:26 +0000  23368 bytes for ./Payload/移移商家.app/Pandora/apps/__UNI__80DC7F1/www/__uniappopenlocation.js
copying file ./Payload/移移商家.app/Pandora/apps/__UNI__80DC7F1/www/__uniappsuccess.png ... 
2020-09-11 02:31:26 +0000  2021 bytes for ./Payload/移移商家.app/Pandora/apps/__UNI__80DC7F1/www/__uniappsuccess.png
copying file ./Payload/移移商家.app/Pandora/apps/__UNI__80DC7F1/www/app-service.js ... 
2020-09-11 02:31:26 +0000  284082 bytes for ./Payload/移移商家.app/Pandora/apps/__UNI__80DC7F1/www/app-service.js
copying file ./Payload/移移商家.app/Pandora/apps/__UNI__80DC7F1/www/__uniapppicker.js ... 
2020-09-11 02:31:26 +0000  28209 bytes for ./Payload/移移商家.app/Pandora/apps/__UNI__80DC7F1/www/__uniapppicker.js
copying file ./Payload/移移商家.app/Pandora/apps/__UNI__80DC7F1/www/app-config.js ... 
2020-09-11 02:31:26 +0000  1470 bytes for ./Payload/移移商家.app/Pandora/apps/__UNI__80DC7F1/www/app-config.js
copying file ./Payload/移移商家.app/Pandora/apps/__UNI__80DC7F1/www/__uniappview.html ... 
982 bytes for ./Payload/移移商家.app/Pandora/apps/__UNI__80DC7F1/www/__uniappview.html
copying file ./Payload/移移商家.app/Pandora/apps/__UNI__80DC7F1/www/__uniappchooselocation.js ... 
2020-09-11 02:31:26 +0000  33628 bytes for ./Payload/移移商家.app/Pandora/apps/__UNI__80DC7F1/www/__uniappchooselocation.js
copying file ./Payload/移移商家.app/Pandora/apps/__UNI__80DC7F1/www/__uniappscan.js ... 
2020-09-11 02:31:26 +0000  18393 bytes for ./Payload/移移商家.app/Pandora/apps/__UNI__80DC7F1/www/__uniappscan.js
2020-09-11 02:31:26 +0000  copying file ./Payload/移移商家.app/Pandora/apps/__UNI__80DC7F1/www/static/load.svg ... 
1311 bytes for ./Payload/移移商家.app/Pandora/apps/__UNI__80DC7F1/www/static/load.svg
copying file ./Payload/移移商家.app/Pandora/apps/__UNI__80DC7F1/www/static/iconfont.ttf ... 
2020-09-11 02:31:26 +0000  11260 bytes for ./Payload/移移商家.app/Pandora/apps/__UNI__80DC7F1/www/static/iconfont.ttf
2020-09-11 02:31:26 +0000  copying file ./Payload/移移商家.app/Pandora/apps/__UNI__80DC7F1/www/static/pay_alipay@2x.png ... 
1557 bytes for ./Payload/移移商家.app/Pandora/apps/__UNI__80DC7F1/www/static/pay_alipay@2x.png
copying file ./Payload/移移商家.app/Pandora/apps/__UNI__80DC7F1/www/static/login-bg.png ... 
2020-09-11 02:31:26 +0000  26571 bytes for ./Payload/移移商家.app/Pandora/apps/__UNI__80DC7F1/www/static/login-bg.png
copying file ./Payload/移移商家.app/Pandora/apps/__UNI__80DC7F1/www/static/logo.png ... 
2020-09-11 02:31:26 +0000  45416 bytes for ./Payload/移移商家.app/Pandora/apps/__UNI__80DC7F1/www/static/logo.png
copying file ./Payload/移移商家.app/Pandora/apps/__UNI__80DC7F1/www/static/default_order@1x.png ... 
2020-09-11 02:31:26 +0000  10724 bytes for ./Payload/移移商家.app/Pandora/apps/__UNI__80DC7F1/www/static/default_order@1x.png
copying file ./Payload/移移商家.app/Pandora/apps/__UNI__80DC7F1/www/static/home_loading@1x.png ... 
2020-09-11 02:31:26 +0000  22097 bytes for ./Payload/移移商家.app/Pandora/apps/__UNI__80DC7F1/www/static/home_loading@1x.png
copying file ./Payload/移移商家.app/Pandora/apps/__UNI__80DC7F1/www/static/default_icon_loading.gif ... 
2020-09-11 02:31:26 +0000  244713 bytes for ./Payload/移移商家.app/Pandora/apps/__UNI__80DC7F1/www/static/default_icon_loading.gif
copying file ./Payload/移移商家.app/Pandora/apps/__UNI__80DC7F1/www/static/noImg.png ... 
2020-09-11 02:31:26 +0000  777 bytes for ./Payload/移移商家.app/Pandora/apps/__UNI__80DC7F1/www/static/noImg.png
copying file ./Payload/移移商家.app/Pandora/apps/__UNI__80DC7F1/www/static/pay_weixin@2x.png ... 
1793 bytes for ./Payload/移移商家.app/Pandora/apps/__UNI__80DC7F1/www/static/pay_weixin@2x.png
copying file ./Payload/移移商家.app/Pandora/apps/__UNI__80DC7F1/www/static/default_loading@1x.png ... 
2020-09-11 02:31:26 +0000  10027 bytes for ./Payload/移移商家.app/Pandora/apps/__UNI__80DC7F1/www/static/default_loading@1x.png
copying file ./Payload/移移商家.app/Pandora/apps/__UNI__80DC7F1/www/static/default_null@1x.png ... 
2020-09-11 02:31:26 +0000  10186 bytes for ./Payload/移移商家.app/Pandora/apps/__UNI__80DC7F1/www/static/default_null@1x.png
copying file ./Payload/移移商家.app/Pandora/apps/__UNI__80DC7F1/www/static/pay_ccb@2x.png ... 
2020-09-11 02:31:26 +0000  3185 bytes for ./Payload/移移商家.app/Pandora/apps/__UNI__80DC7F1/www/static/pay_ccb@2x.png
2020-09-11 02:31:26 +0000  copying file ./Payload/移移商家.app/Pandora/apps/__UNI__80DC7F1/www/static/myicon.png ... 
2020-09-11 02:31:26 +0000  103281 bytes for ./Payload/移移商家.app/Pandora/apps/__UNI__80DC7F1/www/static/myicon.png
copying file ./Payload/移移商家.app/Pandora/apps/__UNI__80DC7F1/www/static/uni.ttf ... 
2020-09-11 02:31:26 +0000  26164 bytes for ./Payload/移移商家.app/Pandora/apps/__UNI__80DC7F1/www/static/uni.ttf
copying file ./Payload/移移商家.app/Pandora/apps/__UNI__80DC7F1/www/static/echarts.min.js ... 
2020-09-11 02:31:26 +0000  747492 bytes for ./Payload/移移商家.app/Pandora/apps/__UNI__80DC7F1/www/static/echarts.min.js
2020-09-11 02:31:26 +0000  copying file ./Payload/移移商家.app/Pandora/apps/__UNI__80DC7F1/www/manifest.json ... 
1000 bytes for ./Payload/移移商家.app/Pandora/apps/__UNI__80DC7F1/www/manifest.json
copying file ./Payload/移移商家.app/Pandora/apps/__UNI__80DC7F1/www/__uniappquillimageresize.js ... 
2020-09-11 02:31:26 +0000  24501 bytes for ./Payload/移移商家.app/Pandora/apps/__UNI__80DC7F1/www/__uniappquillimageresize.js
copying file ./Payload/移移商家.app/Pandora/apps/__UNI__80DC7F1/www/app-config-service.js ... 
2020-09-11 02:31:26 +0000  7737 bytes for ./Payload/移移商家.app/Pandora/apps/__UNI__80DC7F1/www/app-config-service.js
copying file ./Payload/移移商家.app/Pandora/apps/__UNI__80DC7F1/www/view.umd.min.js ... 
2020-09-11 02:31:26 +0000  296643 bytes for ./Payload/移移商家.app/Pandora/apps/__UNI__80DC7F1/www/view.umd.min.js
copying file ./Payload/移移商家.app/Pandora/apps/__UNI__80DC7F1/www/app-view.js ... 
2020-09-11 02:31:26 +0000  440722 bytes for ./Payload/移移商家.app/Pandora/apps/__UNI__80DC7F1/www/app-view.js
copying file ./Payload/移移商家.app/Pandora/apps/__UNI__80DC7F1/www/view.css ... 
2020-09-11 02:31:26 +0000  55851 bytes for ./Payload/移移商家.app/Pandora/apps/__UNI__80DC7F1/www/view.css
copying file ./Payload/移移商家.app/Pandora/apps/__UNI__80DC7F1/www/__uniappquill.js ... 
2020-09-11 02:31:26 +0000  216333 bytes for ./Payload/移移商家.app/Pandora/apps/__UNI__80DC7F1/www/__uniappquill.js
2020-09-11 02:31:26 +0000  copying file ./Payload/移移商家.app/BIcon.png ... 
2020-09-11 02:31:26 +0000  72815 bytes for ./Payload/移移商家.app/BIcon.png
2020-09-11 02:31:26 +0000  copying file ./Payload/移移商家.app/LaunchScreen.storyboardc/01J-lp-oVM-view-z0m-pv-cfa.nib ... 
2020-09-11 02:31:26 +0000  3609 bytes for ./Payload/移移商家.app/LaunchScreen.storyboardc/01J-lp-oVM-view-z0m-pv-cfa.nib
copying file ./Payload/移移商家.app/LaunchScreen.storyboardc/UIViewController-01J-lp-oVM.nib ... 
2020-09-11 02:31:26 +0000  896 bytes for ./Payload/移移商家.app/LaunchScreen.storyboardc/UIViewController-01J-lp-oVM.nib
copying file ./Payload/移移商家.app/LaunchScreen.storyboardc/Info.plist ... 
258 bytes for ./Payload/移移商家.app/LaunchScreen.storyboardc/Info.plist
2020-09-11 02:31:26 +0000  copying file ./Payload/移移商家.app/YYADViewController.nib/objects-11.0+.nib ... 
2020-09-11 02:31:26 +0000  4981 bytes for ./Payload/移移商家.app/YYADViewController.nib/objects-11.0+.nib
copying file ./Payload/移移商家.app/YYADViewController.nib/runtime.nib ... 
4318 bytes for ./Payload/移移商家.app/YYADViewController.nib/runtime.nib
copying file ./Payload/移移商家.app/dclogo@3x.png ... 
2020-09-11 02:31:26 +0000  1125 bytes for ./Payload/移移商家.app/dclogo@3x.png
copying file ./Payload/移移商家.app/DCPGVideo.bundle/player_play@2x.png ... 
2020-09-11 02:31:26 +0000  632 bytes for ./Payload/移移商家.app/DCPGVideo.bundle/player_play@2x.png
copying file ./Payload/移移商家.app/DCPGVideo.bundle/video_ic_muteoff@3x.png ... 
888 bytes for ./Payload/移移商家.app/DCPGVideo.bundle/video_ic_muteoff@3x.png
copying file ./Payload/移移商家.app/DCPGVideo.bundle/play@3x.png ... 
2020-09-11 02:31:26 +0000  4651 bytes for ./Payload/移移商家.app/DCPGVideo.bundle/play@3x.png
copying file ./Payload/移移商家.app/DCPGVideo.bundle/player_back.png ... 
592 bytes for ./Payload/移移商家.app/DCPGVideo.bundle/player_back.png
copying file ./Payload/移移商家.app/DCPGVideo.bundle/player_back@3x.png ... 
2020-09-11 02:31:26 +0000  1990 bytes for ./Payload/移移商家.app/DCPGVideo.bundle/player_back@3x.png
copying file ./Payload/移移商家.app/DCPGVideo.bundle/player_play.png ... 
378 bytes for ./Payload/移移商家.app/DCPGVideo.bundle/player_play.png
copying file ./Payload/移移商家.app/DCPGVideo.bundle/control_brightness@2x.png ... 
2020-09-11 02:31:26 +0000  1936 bytes for ./Payload/移移商家.app/DCPGVideo.bundle/control_brightness@2x.png
copying file ./Payload/移移商家.app/DCPGVideo.bundle/slider_thumb@3x.png ... 
702 bytes for ./Payload/移移商家.app/DCPGVideo.bundle/slider_thumb@3x.png
copying file ./Payload/移移商家.app/DCPGVideo.bundle/slider_thumb@2x.png ... 
436 bytes for ./Payload/移移商家.app/DCPGVideo.bundle/slider_thumb@2x.png
copying file ./Payload/移移商家.app/DCPGVideo.bundle/player_back@2x.png ... 
2020-09-11 02:31:26 +0000  1265 bytes for ./Payload/移移商家.app/DCPGVideo.bundle/player_back@2x.png
2020-09-11 02:31:26 +0000  copying file ./Payload/移移商家.app/DCPGVideo.bundle/video_ic_muteoff@2x.png ... 
888 bytes for ./Payload/移移商家.app/DCPGVideo.bundle/video_ic_muteoff@2x.png
2020-09-11 02:31:26 +0000  copying file ./Payload/移移商家.app/DCPGVideo.bundle/play@2x.png ... 
2020-09-11 02:31:26 +0000  2696 bytes for ./Payload/移移商家.app/DCPGVideo.bundle/play@2x.png
copying file ./Payload/移移商家.app/DCPGVideo.bundle/player_play@3x.png ... 
2020-09-11 02:31:26 +0000  929 bytes for ./Payload/移移商家.app/DCPGVideo.bundle/player_play@3x.png
copying file ./Payload/移移商家.app/DCPGVideo.bundle/video_ic_muteon@3x.png ... 
2020-09-11 02:31:26 +0000  1159 bytes for ./Payload/移移商家.app/DCPGVideo.bundle/video_ic_muteon@3x.png
copying file ./Payload/移移商家.app/DCPGVideo.bundle/video_ic_muteon@2x.png ... 
2020-09-11 02:31:26 +0000  1159 bytes for ./Payload/移移商家.app/DCPGVideo.bundle/video_ic_muteon@2x.png
copying file ./Payload/移移商家.app/DCPGVideo.bundle/exitfullscreen@2x.png ... 
396 bytes for ./Payload/移移商家.app/DCPGVideo.bundle/exitfullscreen@2x.png
copying file ./Payload/移移商家.app/DCPGVideo.bundle/full_screen@3x.png ... 
2020-09-11 02:31:26 +0000  427 bytes for ./Payload/移移商家.app/DCPGVideo.bundle/full_screen@3x.png
copying file ./Payload/移移商家.app/DCPGVideo.bundle/player_stop@3x.png ... 
2020-09-11 02:31:26 +0000  356 bytes for ./Payload/移移商家.app/DCPGVideo.bundle/player_stop@3x.png
copying file ./Payload/移移商家.app/DCPGVideo.bundle/video_volume@3x.png ... 
2020-09-11 02:31:26 +0000  10635 bytes for ./Payload/移移商家.app/DCPGVideo.bundle/video_volume@3x.png
2020-09-11 02:31:26 +0000  copying file ./Payload/移移商家.app/DCPGVideo.bundle/video_volume@2x.png ... 
2020-09-11 02:31:26 +0000  10635 bytes for ./Payload/移移商家.app/DCPGVideo.bundle/video_volume@2x.png
2020-09-11 02:31:26 +0000  copying file ./Payload/移移商家.app/DCPGVideo.bundle/player_stop@2x.png ... 
254 bytes for ./Payload/移移商家.app/DCPGVideo.bundle/player_stop@2x.png
copying file ./Payload/移移商家.app/DCPGVideo.bundle/full_screen@2x.png ... 
2020-09-11 02:31:26 +0000  427 bytes for ./Payload/移移商家.app/DCPGVideo.bundle/full_screen@2x.png
copying file ./Payload/移移商家.app/DCPGVideo.bundle/play.png ... 
2020-09-11 02:31:26 +0000  1090 bytes for ./Payload/移移商家.app/DCPGVideo.bundle/play.png
2020-09-11 02:31:26 +0000  copying file ./Payload/移移商家.app/DCPGVideo.bundle/player_stop.png ... 
2020-09-11 02:31:26 +0000  212 bytes for ./Payload/移移商家.app/DCPGVideo.bundle/player_stop.png
copying file ./Payload/移移商家.app/DCPGVideo.bundle/exitfullscreen@3x.png ... 
2020-09-11 02:31:26 +0000  396 bytes for ./Payload/移移商家.app/DCPGVideo.bundle/exitfullscreen@3x.png
2020-09-11 02:31:26 +0000  copying file ./Payload/移移商家.app/embedded.mobileprovision ... 
2020-09-11 02:31:26 +0000  12187 bytes for ./Payload/移移商家.app/embedded.mobileprovision
2020-09-11 02:31:26 +0000  copying file ./Payload/移移商家.app/SVProgressHUD.bundle/info.png ... 
365 bytes for ./Payload/移移商家.app/SVProgressHUD.bundle/info.png
copying file ./Payload/移移商家.app/SVProgressHUD.bundle/error@3x.png ... 
2020-09-11 02:31:26 +0000  398 bytes for ./Payload/移移商家.app/SVProgressHUD.bundle/error@3x.png
2020-09-11 02:31:26 +0000  copying file ./Payload/移移商家.app/SVProgressHUD.bundle/angle-mask@3x.png ... 
2020-09-11 02:31:26 +0000  8319 bytes for ./Payload/移移商家.app/SVProgressHUD.bundle/angle-mask@3x.png
2020-09-11 02:31:26 +0000  copying file ./Payload/移移商家.app/SVProgressHUD.bundle/angle-mask@2x.png ... 
4893 bytes for ./Payload/移移商家.app/SVProgressHUD.bundle/angle-mask@2x.png
copying file ./Payload/移移商家.app/SVProgressHUD.bundle/error@2x.png ... 
2020-09-11 02:31:26 +0000  306 bytes for ./Payload/移移商家.app/SVProgressHUD.bundle/error@2x.png
2020-09-11 02:31:26 +0000  copying file ./Payload/移移商家.app/SVProgressHUD.bundle/info@3x.png ... 
2020-09-11 02:31:26 +0000  1200 bytes for ./Payload/移移商家.app/SVProgressHUD.bundle/info@3x.png
2020-09-11 02:31:26 +0000  copying file ./Payload/移移商家.app/SVProgressHUD.bundle/success@2x.png ... 
2020-09-11 02:31:26 +0000  462 bytes for ./Payload/移移商家.app/SVProgressHUD.bundle/success@2x.png
copying file ./Payload/移移商家.app/SVProgressHUD.bundle/success@3x.png ... 
2020-09-11 02:31:26 +0000  714 bytes for ./Payload/移移商家.app/SVProgressHUD.bundle/success@3x.png
2020-09-11 02:31:26 +0000  copying file ./Payload/移移商家.app/SVProgressHUD.bundle/info@2x.png ... 
2020-09-11 02:31:26 +0000  816 bytes for ./Payload/移移商家.app/SVProgressHUD.bundle/info@2x.png
copying file ./Payload/移移商家.app/SVProgressHUD.bundle/error.png ... 
2020-09-11 02:31:26 +0000  184 bytes for ./Payload/移移商家.app/SVProgressHUD.bundle/error.png
2020-09-11 02:31:26 +0000  copying file ./Payload/移移商家.app/SVProgressHUD.bundle/success.png ... 
2020-09-11 02:31:26 +0000  262 bytes for ./Payload/移移商家.app/SVProgressHUD.bundle/success.png
copying file ./Payload/移移商家.app/SVProgressHUD.bundle/angle-mask.png ... 
2020-09-11 02:31:26 +0000  1845 bytes for ./Payload/移移商家.app/SVProgressHUD.bundle/angle-mask.png
2020-09-11 02:31:26 +0000  copying file ./Payload/移移商家.app/weex-polyfill.js ... 
2020-09-11 02:31:26 +0000  20054 bytes for ./Payload/移移商家.app/weex-polyfill.js
2020-09-11 02:31:26 +0000  copying file ./Payload/移移商家.app/Info.plist ... 
2020-09-11 02:31:26 +0000  6089 bytes for ./Payload/移移商家.app/Info.plist
copying file ./Payload/移移商家.app/PkgInfo ... 
8 bytes for ./Payload/移移商家.app/PkgInfo
copying file ./Payload/移移商家.app/dclogo@2x.png ... 
2020-09-11 02:31:26 +0000  1105 bytes for ./Payload/移移商家.app/dclogo@2x.png
2020-09-11 02:31:26 +0000  copying file ./Payload/移移商家.app/weexUniJs.js ... 
2020-09-11 02:31:26 +0000  146882 bytes for ./Payload/移移商家.app/weexUniJs.js
2020-09-11 02:31:26 +0000  /usr/bin/ditto exited with 0
2020-09-11 02:31:26 +0000  Processing step: IDEDistributionAppStoreInformationStep
2020-09-11 02:31:26 +0000  Skipping step: IDEDistributionAppStoreInformationStep because it said so
2020-09-11 02:31:26 +0000  Processing step: IDEDistributionGenerateProcessedDistributionItems
2020-09-11 02:31:26 +0000  Processing step: IDEDistributionCreateManifestStep
